[OK] draft+queue: 20251114_hhl152_YUNA.md
[DONE] 1 items from daily 20251114
[OK] draft+queue: 20251114_hhl152_YUNA.md
[OK] draft+queue: 20251114_sjho036_ゆりさん.md
[DONE] 2 items from daily 20251114
[OK] draft+queue: 20251114_hhl152_YUNA.md
[OK] draft+queue: 20251114_sjho036_ゆりさん.md
[DONE] 2 items from daily 20251114
[OK] draft+queue: 20251115_erk105_さなちゃん.md
[DONE] 1 items from daily 20251115
[OK] draft+queue: 20251115_erk105_さなちゃん.md
[DONE] 1 items from daily 20251115
[OK] draft+queue: 20251115_erk105_さなちゃん.md
[DONE] 1 items from daily 20251115
[OK] draft+queue: 20251115_erk105_さなちゃん.md
[OK] draft+queue: 20251115_smuh067_しゅうかちゃん.md
[OK] draft+queue: 20251115_simf004_いおり.md
[DONE] 3 items from daily 20251115
[OK] draft+queue: 20251115_erk105_さなちゃん.md
[OK] draft+queue: 20251115_smuh067_しゅうかちゃん.md
[OK] draft+queue: 20251115_simf004_いおり.md
[OK] draft+queue: 20251115_hcmn091_まひる.md
[DONE] 4 items from daily 20251115
[OK] draft+queue: 20251115_erk105_さなちゃん.md
[OK] draft+queue: 20251115_smuh067_しゅうかちゃん.md
[OK] draft+queue: 20251115_simf004_いおり.md
[OK] draft+queue: 20251115_hcmn091_まひる.md
[DONE] 4 items from daily 20251115
[OK] draft+queue: 20251115_erk105_さなちゃん.md
[OK] draft+queue: 20251115_smuh067_しゅうかちゃん.md
[OK] draft+queue: 20251115_simf004_いおり.md
[OK] draft+queue: 20251115_hcmn091_まひる.md
[OK] draft+queue: 20251115_bngg001_はるる.md
[OK] draft+queue: 20251115_smuw050_HM.md
[DONE] 6 items from daily 20251115
[OK] draft+queue: 20251115_erk105_さなちゃん.md
[OK] draft+queue: 20251115_smuh067_しゅうかちゃん.md
[OK] draft+queue: 20251115_simf004_いおり.md
[OK] draft+queue: 20251115_hcmn091_まひる.md
[OK] draft+queue: 20251115_bngg001_はるる.md
[OK] draft+queue: 20251115_smuw050_HM.md
[OK] draft+queue: 20251115_smjs207_みこさん.md
[DONE] 7 items from daily 20251115
[OK] draft+queue: 20251115_erk105_さなちゃん.md
[OK] draft+queue: 20251115_smuh067_しゅうかちゃん.md
[OK] draft+queue: 20251115_simf004_いおり.md
[OK] draft+queue: 20251115_hcmn091_まひる.md
[OK] draft+queue: 20251115_bngg001_はるる.md
[OK] draft+queue: 20251115_smuw050_HM.md
[OK] draft+queue: 20251115_smjs207_みこさん.md
[OK] draft+queue: 20251115_smjp064_KANNA.md
[DONE] 8 items from daily 20251115
[OK] draft+queue: 20251116_smjs214_のあさん.md
[DONE] 1 items from daily 20251116
[OK] draft+queue: 20251116_smjs214_のあさん.md
[DONE] 1 items from daily 20251116
[OK] draft+queue: 20251116_smjs214_のあさん.md
[OK] draft+queue: 20251116_smjx117_FM.md
[OK] draft+queue: 20251116_simo010_みすず.md
[DONE] 3 items from daily 20251116
[OK] draft+queue: 20251116_smjs214_のあさん.md
[OK] draft+queue: 20251116_smjx117_FM.md
[OK] draft+queue: 20251116_simo010_みすず.md
[DONE] 3 items from daily 20251116
[OK] draft+queue: 20251116_smjs214_のあさん.md
[OK] draft+queue: 20251116_smjx117_FM.md
[OK] draft+queue: 20251116_simo010_みすず.md
[OK] draft+queue: 20251116_smuk292_こころ.md
[OK] draft+queue: 20251116_orecz336_なぎささん.md
[DONE] 5 items from daily 20251116
[OK] draft+queue: 20251117_smub060_さやかちゃん.md
[DONE] 1 items from daily 20251117
[OK] draft+queue: 20251117_smub060_さやかちゃん.md
[OK] draft+queue: 20251117_deli016_りん.md
[DONE] 2 items from daily 20251117
[OK] draft+queue: 20251117_smub060_さやかちゃん.md
[OK] draft+queue: 20251117_deli016_りん.md
[DONE] 2 items from daily 20251117
[OK] draft+queue: 20251117_smub060_さやかちゃん.md
[OK] draft+queue: 20251117_deli016_りん.md
[OK] draft+queue: 20251117_mfcw061_みなみ.md
[DONE] 3 items from daily 20251117
[OK] draft+queue: 20251118_bshi024_みずき.md
[DONE] 1 items from daily 20251118
[OK] draft+queue: 20251118_bshi024_みずき.md
[OK] draft+queue: 20251118_mfcs186_ことね.md
[DONE] 2 items from daily 20251118
[OK] draft+queue: 20251118_bshi024_みずき.md
[OK] draft+queue: 20251118_mfcs186_ことね.md
[OK] draft+queue: 20251118_smjj106_M.md
[DONE] 3 items from daily 20251118
[OK] draft+queue: 20251118_bshi024_みずき.md
[OK] draft+queue: 20251118_mfcs186_ことね.md
[OK] draft+queue: 20251118_smjj106_M.md
[OK] draft+queue: 20251118_smuk289_みく.md
[DONE] 4 items from daily 20251118
[OK] draft+queue: 20251118_bshi024_みずき.md
[OK] draft+queue: 20251118_mfcs186_ことね.md
[OK] draft+queue: 20251118_smjj106_M.md
[OK] draft+queue: 20251118_smuk289_みく.md
[OK] draft+queue: 20251118_smjz093_ろあさん.md
[DONE] 5 items from daily 20251118
[OK] draft+queue: 20251118_bshi024_みずき.md
[OK] draft+queue: 20251118_mfcs186_ことね.md
[OK] draft+queue: 20251118_smjj106_M.md
[OK] draft+queue: 20251118_smuk289_みく.md
[OK] draft+queue: 20251118_smjz093_ろあさん.md
[OK] draft+queue: 20251118_pai159_こっちゃん.md
[DONE] 6 items from daily 20251118
[OK] draft+queue: 20251118_bshi024_みずき.md
[OK] draft+queue: 20251118_mfcs186_ことね.md
[OK] draft+queue: 20251118_smjj106_M.md
[OK] draft+queue: 20251118_smuk289_みく.md
[OK] draft+queue: 20251118_smjz093_ろあさん.md
[OK] draft+queue: 20251118_pai159_こっちゃん.md
[OK] draft+queue: 20251118_orecz338_るりさん.md
[DONE] 7 items from daily 20251118
[OK] draft+queue: 20251118_bshi024_みずき.md
[OK] draft+queue: 20251118_mfcs186_ことね.md
[OK] draft+queue: 20251118_smjj106_M.md
[OK] draft+queue: 20251118_smuk289_みく.md
[OK] draft+queue: 20251118_smjz093_ろあさん.md
[OK] draft+queue: 20251118_pai159_こっちゃん.md
[OK] draft+queue: 20251118_orecz338_るりさん.md
[OK] draft+queue: 20251118_mla242_あかね.md
[DONE] 8 items from daily 20251118
[OK] draft+queue: 20251118_bshi024_みずき.md
[OK] draft+queue: 20251118_mfcs186_ことね.md
[OK] draft+queue: 20251118_smjj106_M.md
[OK] draft+queue: 20251118_smuk289_みく.md
[OK] draft+queue: 20251118_smjz093_ろあさん.md
[OK] draft+queue: 20251118_pai159_こっちゃん.md
[OK] draft+queue: 20251118_orecz338_るりさん.md
[OK] draft+queue: 20251118_mla242_あかね.md
[OK] draft+queue: 20251118_bshi023_なるみ.md
[DONE] 9 items from daily 20251118
[OK] draft+queue: 20251118_bshi024_みずき.md
[OK] draft+queue: 20251118_mfcs186_ことね.md
[OK] draft+queue: 20251118_smjj106_M.md
[OK] draft+queue: 20251118_smuk289_みく.md
[OK] draft+queue: 20251118_smjz093_ろあさん.md
[OK] draft+queue: 20251118_pai159_こっちゃん.md
[OK] draft+queue: 20251118_orecz338_るりさん.md
[OK] draft+queue: 20251118_mla242_あかね.md
[OK] draft+queue: 20251118_bshi023_なるみ.md
[OK] draft+queue: 20251118_bshi022_ミカ.md
[DONE] 10 items from daily 20251118
[OK] draft+queue: 20251118_bshi024_みずき.md
[OK] draft+queue: 20251118_mfcs186_ことね.md
[OK] draft+queue: 20251118_smjj106_M.md
[OK] draft+queue: 20251118_smuk289_みく.md
[OK] draft+queue: 20251118_smjz093_ろあさん.md
[OK] draft+queue: 20251118_pai159_こっちゃん.md
[OK] draft+queue: 20251118_orecz338_るりさん.md
[OK] draft+queue: 20251118_mla242_あかね.md
[OK] draft+queue: 20251118_bshi023_なるみ.md
[OK] draft+queue: 20251118_bshi022_ミカ.md
[DONE] 10 items from daily 20251118
[OK] draft+queue: 20251118_bshi024_みずき.md
[OK] draft+queue: 20251118_mfcs186_ことね.md
[OK] draft+queue: 20251118_smjj106_M.md
[OK] draft+queue: 20251118_smuk289_みく.md
[OK] draft+queue: 20251118_smjz093_ろあさん.md
[OK] draft+queue: 20251118_pai159_こっちゃん.md
[OK] draft+queue: 20251118_orecz338_るりさん.md
[OK] draft+queue: 20251118_mla242_あかね.md
[OK] draft+queue: 20251118_bshi023_なるみ.md
[OK] draft+queue: 20251118_bshi022_ミカ.md
[DONE] 10 items from daily 20251118
[FAIL] daily not found: /home/shinya/eroblog/data_getter/out/daily/20251119.jsonl
[DONE] 0 items from daily 20251119
[FAIL] daily not found: /home/shinya/eroblog/data_getter/out/daily/20251119.jsonl
[DONE] 0 items from daily 20251119
[OK] draft+queue: 20251119_pchn2034_サラ.md
[DONE] 1 items from daily 20251119
[OK] draft+queue: 20251119_pchn2034_サラ.md
[OK] draft+queue: 20251119_simp008_アヤ.md
[OK] draft+queue: 20251119_mgsod034_さゆり.md
[DONE] 3 items from daily 20251119
[OK] draft+queue: 20251119_pchn2034_サラ.md
[OK] draft+queue: 20251119_simp008_アヤ.md
[OK] draft+queue: 20251119_mgsod034_さゆり.md
[DONE] 3 items from daily 20251119
[OK] draft+queue: 20251119_pchn2034_サラ.md
[OK] draft+queue: 20251119_simp008_アヤ.md
[OK] draft+queue: 20251119_mgsod034_さゆり.md
[OK] draft+queue: 20251119_smjs191_そらさん.md
[OK] draft+queue: 20251119_smjx131_MEIちゃん.md
[DONE] 5 items from daily 20251119
[OK] draft+queue: 20251119_pchn2034_サラ.md
[OK] draft+queue: 20251119_simp008_アヤ.md
[OK] draft+queue: 20251119_mgsod034_さゆり.md
[OK] draft+queue: 20251119_smjs191_そらさん.md
[OK] draft+queue: 20251119_smjx131_MEIちゃん.md
[DONE] 5 items from daily 20251119
[OK] draft+queue: 20251119_pchn2034_サラ.md
[OK] draft+queue: 20251119_simp008_アヤ.md
[OK] draft+queue: 20251119_mgsod034_さゆり.md
[OK] draft+queue: 20251119_smjs191_そらさん.md
[OK] draft+queue: 20251119_smjx131_MEIちゃん.md
[OK] draft+queue: 20251119_pai178_ちあきさん.md
[OK] draft+queue: 20251119_msodn015_ひまり.md
[DONE] 7 items from daily 20251119
[OK] draft+queue: 20251119_pchn2034_サラ.md
[OK] draft+queue: 20251119_simp008_アヤ.md
[OK] draft+queue: 20251119_mgsod034_さゆり.md
[OK] draft+queue: 20251119_smjs191_そらさん.md
[OK] draft+queue: 20251119_smjx131_MEIちゃん.md
[OK] draft+queue: 20251119_pai178_ちあきさん.md
[OK] draft+queue: 20251119_msodn015_ひまり.md
[DONE] 7 items from daily 20251119
[OK] draft+queue: 20251119_pchn2034_サラ.md
[OK] draft+queue: 20251119_simp008_アヤ.md
[OK] draft+queue: 20251119_mgsod034_さゆり.md
[OK] draft+queue: 20251119_smjs191_そらさん.md
[OK] draft+queue: 20251119_smjx131_MEIちゃん.md
[OK] draft+queue: 20251119_pai178_ちあきさん.md
[OK] draft+queue: 20251119_msodn015_ひまり.md
[OK] draft+queue: 20251119_orecz339_ひかりさん.md
[OK] draft+queue: 20251119_hmdnc876_はるぴちゃん.md
[DONE] 9 items from daily 20251119
[OK] draft+queue: 20251119_pchn2034_サラ.md
[OK] draft+queue: 20251119_simp008_アヤ.md
[OK] draft+queue: 20251119_mgsod034_さゆり.md
[OK] draft+queue: 20251119_smjs191_そらさん.md
[OK] draft+queue: 20251119_smjx131_MEIちゃん.md
[OK] draft+queue: 20251119_pai178_ちあきさん.md
[OK] draft+queue: 20251119_msodn015_ひまり.md
[OK] draft+queue: 20251119_orecz339_ひかりさん.md
[OK] draft+queue: 20251119_hmdnc876_はるぴちゃん.md
[OK] draft+queue: 20251119_msods021_ゆあさん.md
[DONE] 10 items from daily 20251119
[OK] draft+queue: 20251119_pchn2034_サラ.md
[OK] draft+queue: 20251119_simp008_アヤ.md
[OK] draft+queue: 20251119_mgsod034_さゆり.md
[OK] draft+queue: 20251119_smjs191_そらさん.md
[OK] draft+queue: 20251119_smjx131_MEIちゃん.md
[OK] draft+queue: 20251119_pai178_ちあきさん.md
[OK] draft+queue: 20251119_msodn015_ひまり.md
[OK] draft+queue: 20251119_orecz339_ひかりさん.md
[OK] draft+queue: 20251119_hmdnc876_はるぴちゃん.md
[OK] draft+queue: 20251119_msods021_ゆあさん.md
[DONE] 10 items from daily 20251119
[OK] draft+queue: 20251119_pchn2034_サラ.md
[OK] draft+queue: 20251119_simp008_アヤ.md
[OK] draft+queue: 20251119_mgsod034_さゆり.md
[OK] draft+queue: 20251119_smjs191_そらさん.md
[OK] draft+queue: 20251119_smjx131_MEIちゃん.md
[OK] draft+queue: 20251119_pai178_ちあきさん.md
[OK] draft+queue: 20251119_msodn015_ひまり.md
[OK] draft+queue: 20251119_orecz339_ひかりさん.md
[OK] draft+queue: 20251119_hmdnc876_はるぴちゃん.md
[OK] draft+queue: 20251119_msods021_ゆあさん.md
[OK] draft+queue: 20251119_mla243_アオイ.md
[OK] draft+queue: 20251119_maj041_ゆい.md
[DONE] 12 items from daily 20251119
[OK] draft+queue: 20251119_pchn2034_サラ.md
[OK] draft+queue: 20251119_simp008_アヤ.md
[OK] draft+queue: 20251119_mgsod034_さゆり.md
[OK] draft+queue: 20251119_smjs191_そらさん.md
[OK] draft+queue: 20251119_smjx131_MEIちゃん.md
[OK] draft+queue: 20251119_pai178_ちあきさん.md
[OK] draft+queue: 20251119_msodn015_ひまり.md
[OK] draft+queue: 20251119_orecz339_ひかりさん.md
[OK] draft+queue: 20251119_hmdnc876_はるぴちゃん.md
[OK] draft+queue: 20251119_msods021_ゆあさん.md
[OK] draft+queue: 20251119_mla243_アオイ.md
[OK] draft+queue: 20251119_maj041_ゆい.md
[OK] draft+queue: 20251119_tpc024_Mちゃん.md
[DONE] 13 items from daily 20251119
[OK] draft+queue: 20251119_pchn2034_サラ.md
[OK] draft+queue: 20251119_simp008_アヤ.md
[OK] draft+queue: 20251119_mgsod034_さゆり.md
[OK] draft+queue: 20251119_smjs191_そらさん.md
[OK] draft+queue: 20251119_smjx131_MEIちゃん.md
[OK] draft+queue: 20251119_pai178_ちあきさん.md
[OK] draft+queue: 20251119_msodn015_ひまり.md
[OK] draft+queue: 20251119_orecz339_ひかりさん.md
[OK] draft+queue: 20251119_hmdnc876_はるぴちゃん.md
[OK] draft+queue: 20251119_msods021_ゆあさん.md
[OK] draft+queue: 20251119_mla243_アオイ.md
[OK] draft+queue: 20251119_maj041_ゆい.md
[OK] draft+queue: 20251119_tpc024_Mちゃん.md
[OK] draft+queue: 20251119_ends259_ミレイ.md
[DONE] 14 items from daily 20251119
[FAIL] daily not found: /home/shinya/eroblog/data_getter/out/daily/20251120.jsonl
[DONE] 0 items from daily 20251120
[OK] draft+queue: 20251121_sth127_KATAOKA.md
[DONE] 1 items from daily 20251121
[OK] draft+queue: 20251121_sth127_KATAOKA.md
[OK] draft+queue: 20251121_sdj050_なぁみちゃん.md
[DONE] 2 items from daily 20251121
[OK] draft+queue: 20251121_sth127_KATAOKA.md
[OK] draft+queue: 20251121_sdj050_なぁみちゃん.md
[OK] draft+queue: 20251121_kjm011_敦子.md
[DONE] 3 items from daily 20251121
[OK] draft+queue: 20251121_sth127_KATAOKA.md
[OK] draft+queue: 20251121_sdj050_なぁみちゃん.md
[OK] draft+queue: 20251121_kjm011_敦子.md
[OK] draft+queue: 20251121_dni200_せりあ.md
[DONE] 4 items from daily 20251121
[OK] draft+queue: 20251122_hoi394_蒼美.md
[DONE] 1 items from daily 20251122
[OK] draft+queue: 20251122_hoi394_蒼美.md
[OK] draft+queue: 20251122_bouz006_りり.md
[DONE] 2 items from daily 20251122
[OK] draft+queue: 20251122_hoi394_蒼美.md
[OK] draft+queue: 20251122_bouz006_りり.md
[OK] draft+queue: 20251122_smjs202_かんなさん.md
[DONE] 3 items from daily 20251122
[OK] draft+queue: 20251122_hoi394_蒼美.md
[OK] draft+queue: 20251122_bouz006_りり.md
[OK] draft+queue: 20251122_smjs202_かんなさん.md
[OK] draft+queue: 20251122_gesy085_なるみ.md
[DONE] 4 items from daily 20251122
[OK] draft+queue: 20251122_hoi394_蒼美.md
[OK] draft+queue: 20251122_bouz006_りり.md
[OK] draft+queue: 20251122_smjs202_かんなさん.md
[OK] draft+queue: 20251122_gesy085_なるみ.md
[OK] draft+queue: 20251122_orecz342_れむさん.md
[DONE] 5 items from daily 20251122
[OK] draft+queue: 20251122_hoi394_蒼美.md
[OK] draft+queue: 20251122_bouz006_りり.md
[OK] draft+queue: 20251122_smjs202_かんなさん.md
[OK] draft+queue: 20251122_gesy085_なるみ.md
[OK] draft+queue: 20251122_orecz342_れむさん.md
[DONE] 5 items from daily 20251122
[OK] draft+queue: 20251122_hoi394_蒼美.md
[OK] draft+queue: 20251122_bouz006_りり.md
[OK] draft+queue: 20251122_smjs202_かんなさん.md
[OK] draft+queue: 20251122_gesy085_なるみ.md
[OK] draft+queue: 20251122_orecz342_れむさん.md
[OK] draft+queue: 20251122_lady538_かおり.md
[DONE] 6 items from daily 20251122
[OK] draft+queue: 20251122_hoi394_蒼美.md
[OK] draft+queue: 20251122_bouz006_りり.md
[OK] draft+queue: 20251122_smjs202_かんなさん.md
[OK] draft+queue: 20251122_gesy085_なるみ.md
[OK] draft+queue: 20251122_orecz342_れむさん.md
[OK] draft+queue: 20251122_lady538_かおり.md
[OK] draft+queue: 20251122_hmdnc880_つぐみ.md
[OK] draft+queue: 20251122_mrs0035_はずきさん.md
[DONE] 8 items from daily 20251122
[OK] draft+queue: 20251122_hoi394_蒼美.md
[OK] draft+queue: 20251122_bouz006_りり.md
[OK] draft+queue: 20251122_smjs202_かんなさん.md
[OK] draft+queue: 20251122_gesy085_なるみ.md
[OK] draft+queue: 20251122_orecz342_れむさん.md
[OK] draft+queue: 20251122_lady538_かおり.md
[OK] draft+queue: 20251122_hmdnc880_つぐみ.md
[OK] draft+queue: 20251122_mrs0035_はずきさん.md
[OK] draft+queue: 20251122_smuv011_みなみ.md
[DONE] 9 items from daily 20251122
[OK] draft+queue: 20251122_hoi394_蒼美.md
[OK] draft+queue: 20251122_bouz006_りり.md
[OK] draft+queue: 20251122_smjs202_かんなさん.md
[OK] draft+queue: 20251122_gesy085_なるみ.md
[OK] draft+queue: 20251122_orecz342_れむさん.md
[OK] draft+queue: 20251122_lady538_かおり.md
[OK] draft+queue: 20251122_hmdnc880_つぐみ.md
[OK] draft+queue: 20251122_mrs0035_はずきさん.md
[OK] draft+queue: 20251122_smuv011_みなみ.md
[DONE] 9 items from daily 20251122
[OK] draft+queue: 20251122_hoi394_蒼美.md
[OK] draft+queue: 20251122_bouz006_りり.md
[OK] draft+queue: 20251122_smjs202_かんなさん.md
[OK] draft+queue: 20251122_gesy085_なるみ.md
[OK] draft+queue: 20251122_orecz342_れむさん.md
[OK] draft+queue: 20251122_lady538_かおり.md
[OK] draft+queue: 20251122_hmdnc880_つぐみ.md
[OK] draft+queue: 20251122_mrs0035_はずきさん.md
[OK] draft+queue: 20251122_smuv011_みなみ.md
[OK] draft+queue: 20251122_docs113_しおり.md
[DONE] 10 items from daily 20251122
[OK] draft+queue: 20251122_hoi394_蒼美.md
[OK] draft+queue: 20251122_bouz006_りり.md
[OK] draft+queue: 20251122_smjs202_かんなさん.md
[OK] draft+queue: 20251122_gesy085_なるみ.md
[OK] draft+queue: 20251122_orecz342_れむさん.md
[OK] draft+queue: 20251122_lady538_かおり.md
[OK] draft+queue: 20251122_hmdnc880_つぐみ.md
[OK] draft+queue: 20251122_mrs0035_はずきさん.md
[OK] draft+queue: 20251122_smuv011_みなみ.md
[OK] draft+queue: 20251122_docs113_しおり.md
[OK] draft+queue: 20251122_hint0696_こまき.md
[DONE] 11 items from daily 20251122
[OK] draft+queue: 20251122_hoi394_蒼美.md
[OK] draft+queue: 20251122_bouz006_りり.md
[OK] draft+queue: 20251122_smjs202_かんなさん.md
[OK] draft+queue: 20251122_gesy085_なるみ.md
[OK] draft+queue: 20251122_orecz342_れむさん.md
[OK] draft+queue: 20251122_lady538_かおり.md
[OK] draft+queue: 20251122_hmdnc880_つぐみ.md
[OK] draft+queue: 20251122_mrs0035_はずきさん.md
[OK] draft+queue: 20251122_smuv011_みなみ.md
[OK] draft+queue: 20251122_docs113_しおり.md
[OK] draft+queue: 20251122_hint0696_こまき.md
[OK] draft+queue: 20251122_pnme285_みお_6.md
[OK] draft+queue: 20251122_urutora214_りん.md
[DONE] 13 items from daily 20251122
[FAIL] daily not found: /home/shinya/eroblog/data_getter/out/daily/20251123.jsonl
[DONE] 0 items from daily 20251123
[OK] draft+queue: 20251123_smgn001_カナさん.md
[OK] draft+queue: 20251123_skoi003_れいちゃん.md
[DONE] 2 items from daily 20251123
[OK] draft+queue: 20251123_smgn001_カナさん.md
[OK] draft+queue: 20251123_skoi003_れいちゃん.md
[DONE] 2 items from daily 20251123
[OK] draft+queue: 20251123_smgn001_カナさん.md
[OK] draft+queue: 20251123_skoi003_れいちゃん.md
[OK] draft+queue: 20251123_yss124_由愛.md
[DONE] 3 items from daily 20251123
[OK] draft+queue: 20251123_smgn001_カナさん.md
[OK] draft+queue: 20251123_skoi003_れいちゃん.md
[OK] draft+queue: 20251123_yss124_由愛.md
[OK] draft+queue: 20251123_bouz007_えみる.md
[DONE] 4 items from daily 20251123
[OK] draft+queue: 20251123_smgn001_カナさん.md
[OK] draft+queue: 20251123_skoi003_れいちゃん.md
[OK] draft+queue: 20251123_yss124_由愛.md
[OK] draft+queue: 20251123_bouz007_えみる.md
[OK] draft+queue: 20251123_smub073_こころちゃん.md
[DONE] 5 items from daily 20251123
[OK] draft+queue: 20251123_smgn001_カナさん.md
[OK] draft+queue: 20251123_skoi003_れいちゃん.md
[OK] draft+queue: 20251123_yss124_由愛.md
[OK] draft+queue: 20251123_bouz007_えみる.md
[OK] draft+queue: 20251123_smub073_こころちゃん.md
[OK] draft+queue: 20251123_smjk133_RINKA.md
[DONE] 6 items from daily 20251123
[OK] draft+queue: 20251123_smgn001_カナさん.md
[OK] draft+queue: 20251123_skoi003_れいちゃん.md
[OK] draft+queue: 20251123_yss124_由愛.md
[OK] draft+queue: 20251123_bouz007_えみる.md
[OK] draft+queue: 20251123_smub073_こころちゃん.md
[OK] draft+queue: 20251123_smjk133_RINKA.md
[OK] draft+queue: 20251123_smjx132_NOA.md
[DONE] 7 items from daily 20251123
[OK] draft+queue: 20251123_smgn001_カナさん.md
[OK] draft+queue: 20251123_skoi003_れいちゃん.md
[OK] draft+queue: 20251123_yss124_由愛.md
[OK] draft+queue: 20251123_bouz007_えみる.md
[OK] draft+queue: 20251123_smub073_こころちゃん.md
[OK] draft+queue: 20251123_smjk133_RINKA.md
[OK] draft+queue: 20251123_smjx132_NOA.md
[OK] draft+queue: 20251123_sima027_のかぜ.md
[DONE] 8 items from daily 20251123
[OK] draft+queue: 20251123_smgn001_カナさん.md
[OK] draft+queue: 20251123_skoi003_れいちゃん.md
[OK] draft+queue: 20251123_yss124_由愛.md
[OK] draft+queue: 20251123_bouz007_えみる.md
[OK] draft+queue: 20251123_smub073_こころちゃん.md
[OK] draft+queue: 20251123_smjk133_RINKA.md
[OK] draft+queue: 20251123_smjx132_NOA.md
[OK] draft+queue: 20251123_sima027_のかぜ.md
[OK] draft+queue: 20251123_skho200_ひなみちゃん.md
[OK] draft+queue: 20251123_snp0002_そら.md
[DONE] 10 items from daily 20251123
[FAIL] daily not found: /home/shinya/eroblog/data_getter/out/daily/20251124.jsonl
[DONE] 0 items from daily 20251124
[FAIL] daily not found: /home/shinya/eroblog/data_getter/out/daily/20251125.jsonl
[DONE] 0 items from daily 20251125
[FAIL] daily not found: /home/shinya/eroblog/data_getter/out/daily/20251125.jsonl
[DONE] 0 items from daily 20251125
[OK] draft+queue: 20251125_syuk014_ようちゃん.md
[DONE] 1 items from daily 20251125
[OK] draft+queue: 20251125_syuk014_ようちゃん.md
[OK] draft+queue: 20251125_mfcs187_あお.md
[OK] draft+queue: 20251125_smjs216_もあさん.md
[DONE] 3 items from daily 20251125
[OK] draft+queue: 20251125_syuk014_ようちゃん.md
[OK] draft+queue: 20251125_mfcs187_あお.md
[OK] draft+queue: 20251125_smjs216_もあさん.md
[OK] draft+queue: 20251125_smjx101_すみれちゃん.md
[DONE] 4 items from daily 20251125
[OK] draft+queue: 20251125_syuk014_ようちゃん.md
[OK] draft+queue: 20251125_mfcs187_あお.md
[OK] draft+queue: 20251125_smjs216_もあさん.md
[OK] draft+queue: 20251125_smjx101_すみれちゃん.md
[OK] draft+queue: 20251125_smjp065_IORI.md
[DONE] 5 items from daily 20251125
[OK] draft+queue: 20251125_syuk014_ようちゃん.md
[OK] draft+queue: 20251125_mfcs187_あお.md
[OK] draft+queue: 20251125_smjs216_もあさん.md
[OK] draft+queue: 20251125_smjx101_すみれちゃん.md
[OK] draft+queue: 20251125_smjp065_IORI.md
[OK] draft+queue: 20251125_orecz345_みなさん.md
[DONE] 6 items from daily 20251125
[OK] draft+queue: 20251125_syuk014_ようちゃん.md
[OK] draft+queue: 20251125_mfcs187_あお.md
[OK] draft+queue: 20251125_smjs216_もあさん.md
[OK] draft+queue: 20251125_smjx101_すみれちゃん.md
[OK] draft+queue: 20251125_smjp065_IORI.md
[OK] draft+queue: 20251125_orecz345_みなさん.md
[OK] draft+queue: 20251125_instc661_れん.md
[DONE] 7 items from daily 20251125
[OK] draft+queue: 20251125_syuk014_ようちゃん.md
[OK] draft+queue: 20251125_mfcs187_あお.md
[OK] draft+queue: 20251125_smjs216_もあさん.md
[OK] draft+queue: 20251125_smjx101_すみれちゃん.md
[OK] draft+queue: 20251125_smjp065_IORI.md
[OK] draft+queue: 20251125_orecz345_みなさん.md
[OK] draft+queue: 20251125_instc661_れん.md
[OK] draft+queue: 20251125_habj084_こいろ.md
[DONE] 8 items from daily 20251125
[OK] draft+queue: 20251125_syuk014_ようちゃん.md
[OK] draft+queue: 20251125_mfcs187_あお.md
[OK] draft+queue: 20251125_smjs216_もあさん.md
[OK] draft+queue: 20251125_smjx101_すみれちゃん.md
[OK] draft+queue: 20251125_smjp065_IORI.md
[OK] draft+queue: 20251125_orecz345_みなさん.md
[OK] draft+queue: 20251125_instc661_れん.md
[OK] draft+queue: 20251125_habj084_こいろ.md
[OK] draft+queue: 20251125_ends257_レイカ.md
[DONE] 9 items from daily 20251125
[OK] draft+queue: 20251126_mfc350_ちゃんるる.md
[DONE] 1 items from daily 20251126
[OK] draft+queue: 20251126_mfc350_ちゃんるる.md
[DONE] 1 items from daily 20251126
[OK] draft+queue: 20251126_mfc350_ちゃんるる.md
[OK] draft+queue: 20251126_mgsod023_坂本.md
[OK] draft+queue: 20251126_smjs208_りくさん.md
[DONE] 3 items from daily 20251126
[OK] draft+queue: 20251126_mfc350_ちゃんるる.md
[OK] draft+queue: 20251126_mgsod023_坂本.md
[OK] draft+queue: 20251126_smjs208_りくさん.md
[OK] draft+queue: 20251126_tkk075_小松わかば.md
[DONE] 4 items from daily 20251126
[OK] draft+queue: 20251126_mfc350_ちゃんるる.md
[OK] draft+queue: 20251126_mgsod023_坂本.md
[OK] draft+queue: 20251126_smjs208_りくさん.md
[OK] draft+queue: 20251126_tkk075_小松わかば.md
[DONE] 4 items from daily 20251126
[OK] draft+queue: 20251126_mfc350_ちゃんるる.md
[OK] draft+queue: 20251126_mgsod023_坂本.md
[OK] draft+queue: 20251126_smjs208_りくさん.md
[OK] draft+queue: 20251126_tkk075_小松わかば.md
[OK] draft+queue: 20251126_dam063_あいちゃん.md
[OK] draft+queue: 20251126_pai171_まなみ.md
[DONE] 6 items from daily 20251126
[OK] draft+queue: 20251126_mfc350_ちゃんるる.md
[OK] draft+queue: 20251126_mgsod023_坂本.md
[OK] draft+queue: 20251126_smjs208_りくさん.md
[OK] draft+queue: 20251126_tkk075_小松わかば.md
[OK] draft+queue: 20251126_dam063_あいちゃん.md
[OK] draft+queue: 20251126_pai171_まなみ.md
[OK] draft+queue: 20251126_msodn020_こなつ.md
[DONE] 7 items from daily 20251126
[OK] draft+queue: 20251126_mfc350_ちゃんるる.md
[OK] draft+queue: 20251126_mgsod023_坂本.md
[OK] draft+queue: 20251126_smjs208_りくさん.md
[OK] draft+queue: 20251126_tkk075_小松わかば.md
[OK] draft+queue: 20251126_dam063_あいちゃん.md
[OK] draft+queue: 20251126_pai171_まなみ.md
[OK] draft+queue: 20251126_msodn020_こなつ.md
[OK] draft+queue: 20251126_orecz346_のかぜさん.md
[DONE] 8 items from daily 20251126
[OK] draft+queue: 20251126_mfc350_ちゃんるる.md
[OK] draft+queue: 20251126_mgsod023_坂本.md
[OK] draft+queue: 20251126_smjs208_りくさん.md
[OK] draft+queue: 20251126_tkk075_小松わかば.md
[OK] draft+queue: 20251126_dam063_あいちゃん.md
[OK] draft+queue: 20251126_pai171_まなみ.md
[OK] draft+queue: 20251126_msodn020_こなつ.md
[OK] draft+queue: 20251126_orecz346_のかぜさん.md
[OK] draft+queue: 20251126_hmdnc877_さくら.md
[DONE] 9 items from daily 20251126
[FAIL] daily not found: /home/shinya/eroblog/data_getter/out/daily/20251127.jsonl
[DONE] 0 items from daily 20251127
[OK] draft+queue: 20251128_syuk015_おとねちゃん.md
[DONE] 1 items from daily 20251128
[OK] draft+queue: 20251128_syuk015_おとねちゃん.md
[DONE] 1 items from daily 20251128
[OK] draft+queue: 20251128_syuk015_おとねちゃん.md
[OK] draft+queue: 20251128_bouz008_さえ.md
[DONE] 2 items from daily 20251128
[OK] draft+queue: 20251128_syuk015_おとねちゃん.md
[OK] draft+queue: 20251128_bouz008_さえ.md
[OK] draft+queue: 20251128_grsp021_ひなこ.md
[DONE] 3 items from daily 20251128
[OK] draft+queue: 20251128_syuk015_おとねちゃん.md
[OK] draft+queue: 20251128_bouz008_さえ.md
[OK] draft+queue: 20251128_grsp021_ひなこ.md
[OK] draft+queue: 20251128_ankk133_まあや.md
[DONE] 4 items from daily 20251128
[OK] draft+queue: 20251129_hpt060_サキネ.md
[DONE] 1 items from daily 20251129
[OK] draft+queue: 20251129_hpt060_サキネ.md
[OK] draft+queue: 20251129_fuyu183_ゆいちゃん.md
[DONE] 2 items from daily 20251129
[OK] draft+queue: 20251129_hpt060_サキネ.md
[OK] draft+queue: 20251129_fuyu183_ゆいちゃん.md
[OK] draft+queue: 20251129_simw002_こなつあや.md
[DONE] 3 items from daily 20251129
[OK] draft+queue: 20251129_hpt060_サキネ.md
[OK] draft+queue: 20251129_fuyu183_ゆいちゃん.md
[OK] draft+queue: 20251129_simw002_こなつあや.md
[OK] draft+queue: 20251129_smub076_ひなのちゃん.md
[DONE] 4 items from daily 20251129
[OK] draft+queue: 20251130_hpt061_ミユ.md
[DONE] 1 items from daily 20251130
[OK] draft+queue: 20251201_tow035_AYABI.md
[DONE] 1 items from daily 20251201
[OK] draft+queue: 20251201_tow035_AYABI.md
[DONE] 1 items from daily 20251201
[OK] draft+queue: 20251202_tow036_RUMI.md
[DONE] 1 items from daily 20251202
[OK] draft+queue: 20251202_tow036_RUMI.md
[OK] draft+queue: 20251202_mfcs188_ひのり.md
[DONE] 2 items from daily 20251202
[OK] draft+queue: 20251202_tow036_RUMI.md
[OK] draft+queue: 20251202_mfcs188_ひのり.md
[OK] draft+queue: 20251202_smuw054_なぎさちゃんゆらちゃん.md
[DONE] 3 items from daily 20251202
[OK] draft+queue: 20251202_tow036_RUMI.md
[OK] draft+queue: 20251202_mfcs188_ひのり.md
[OK] draft+queue: 20251202_smuw054_なぎさちゃんゆらちゃん.md
[OK] draft+queue: 20251202_smjs224_りなさん.md
[DONE] 4 items from daily 20251202
[OK] draft+queue: 20251202_tow036_RUMI.md
[OK] draft+queue: 20251202_mfcs188_ひのり.md
[OK] draft+queue: 20251202_smuw054_なぎさちゃんゆらちゃん.md
[OK] draft+queue: 20251202_smjs224_りなさん.md
[OK] draft+queue: 20251202_smjx136_もあさん.md
[DONE] 5 items from daily 20251202
[OK] draft+queue: 20251202_tow036_RUMI.md
[OK] draft+queue: 20251202_mfcs188_ひのり.md
[OK] draft+queue: 20251202_smuw054_なぎさちゃんゆらちゃん.md
[OK] draft+queue: 20251202_smjs224_りなさん.md
[OK] draft+queue: 20251202_smjx136_もあさん.md
[OK] draft+queue: 20251202_spay685_M.md
[DONE] 6 items from daily 20251202
[OK] draft+queue: 20251202_tow036_RUMI.md
[OK] draft+queue: 20251202_mfcs188_ひのり.md
[OK] draft+queue: 20251202_smuw054_なぎさちゃんゆらちゃん.md
[OK] draft+queue: 20251202_smjs224_りなさん.md
[OK] draft+queue: 20251202_smjx136_もあさん.md
[OK] draft+queue: 20251202_spay685_M.md
[OK] draft+queue: 20251202_oremo459_中村さん.md
[DONE] 7 items from daily 20251202
[OK] draft+queue: 20251202_tow036_RUMI.md
[OK] draft+queue: 20251202_mfcs188_ひのり.md
[OK] draft+queue: 20251202_smuw054_なぎさちゃんゆらちゃん.md
[OK] draft+queue: 20251202_smjs224_りなさん.md
[OK] draft+queue: 20251202_smjx136_もあさん.md
[OK] draft+queue: 20251202_spay685_M.md
[OK] draft+queue: 20251202_oremo459_中村さん.md
[DONE] 7 items from daily 20251202
[OK] draft+queue: 20251202_tow036_RUMI.md
[OK] draft+queue: 20251202_mfcs188_ひのり.md
[OK] draft+queue: 20251202_smuw054_なぎさちゃんゆらちゃん.md
[OK] draft+queue: 20251202_smjs224_りなさん.md
[OK] draft+queue: 20251202_smjx136_もあさん.md
[OK] draft+queue: 20251202_spay685_M.md
[OK] draft+queue: 20251202_oremo459_中村さん.md
[OK] draft+queue: 20251202_nost148_すずねちゃん.md
[OK] draft+queue: 20251202_gerk674_たけださん.md
[DONE] 9 items from daily 20251202
[OK] draft+queue: 20251202_tow036_RUMI.md
[OK] draft+queue: 20251202_mfcs188_ひのり.md
[OK] draft+queue: 20251202_smuw054_なぎさちゃんゆらちゃん.md
[OK] draft+queue: 20251202_smjs224_りなさん.md
[OK] draft+queue: 20251202_smjx136_もあさん.md
[OK] draft+queue: 20251202_spay685_M.md
[OK] draft+queue: 20251202_oremo459_中村さん.md
[OK] draft+queue: 20251202_nost148_すずねちゃん.md
[OK] draft+queue: 20251202_gerk674_たけださん.md
[OK] draft+queue: 20251202_srom161_みづき.md
[DONE] 10 items from daily 20251202
[OK] draft+queue: 20251203_hpt065_リオ.md
[DONE] 1 items from daily 20251203
[OK] draft+queue: 20251203_hpt065_リオ.md
[OK] draft+queue: 20251203_hoi395_みやび.md
[DONE] 2 items from daily 20251203
[OK] draft+queue: 20251204_mmnm040_れい.md
[DONE] 1 items from daily 20251204
[OK] draft+queue: 20251204_mmnm040_れい.md
[OK] draft+queue: 20251204_smjx110_ふみのさん.md
[DONE] 2 items from daily 20251204
[OK] draft+queue: 20251204_mmnm040_れい.md
[OK] draft+queue: 20251204_smjx110_ふみのさん.md
[OK] draft+queue: 20251204_ad145_つぼみ.md
[DONE] 3 items from daily 20251204
[OK] draft+queue: 20251204_mmnm040_れい.md
[OK] draft+queue: 20251204_smjx110_ふみのさん.md
[OK] draft+queue: 20251204_ad145_つぼみ.md
[OK] draft+queue: 20251204_tkk077_今野ゆり.md
[DONE] 4 items from daily 20251204
[OK] draft+queue: 20251205_hoi396_らきる.md
[DONE] 1 items from daily 20251205
[OK] draft+queue: 20251205_hoi396_らきる.md
[OK] draft+queue: 20251205_tow037_LIGUNO.md
[DONE] 2 items from daily 20251205
[OK] draft+queue: 20251205_hoi396_らきる.md
[OK] draft+queue: 20251205_tow037_LIGUNO.md
[DONE] 2 items from daily 20251205
[OK] draft+queue: 20251205_hoi396_らきる.md
[OK] draft+queue: 20251205_tow037_LIGUNO.md
[OK] draft+queue: 20251205_mfna003_めぐ.md
[OK] draft+queue: 20251205_grsp022_ふわり.md
[DONE] 4 items from daily 20251205
[OK] draft+queue: 20251205_hoi396_らきる.md
[OK] draft+queue: 20251205_tow037_LIGUNO.md
[OK] draft+queue: 20251205_mfna003_めぐ.md
[OK] draft+queue: 20251205_grsp022_ふわり.md
[OK] draft+queue: 20251205_peep074_るいさん.md
[DONE] 5 items from daily 20251205
[OK] draft+queue: 20251206_gesy086_Rちゃん.md
[DONE] 1 items from daily 20251206
[OK] draft+queue: 20251206_gesy086_Rちゃん.md
[OK] draft+queue: 20251206_zake010_しゅうかさん.md
[DONE] 2 items from daily 20251206
