[RUN] CID=pow095
[DOWNLOAD] Checking assets for pow095...
  Downloading: https://pics.dmm.co.jp/digital/amateur/pow095/pow095jm.jpg
  Saved poster: pow095_poster.jpg
  Downloading: https://awsimgsrc.dmm.co.jp/pics_dig/digital/amateur/pow095/pow095jp-001.jpg
  Saved sample: pow095_01.jpg
  Downloading: https://awsimgsrc.dmm.co.jp/pics_dig/digital/amateur/pow095/pow095jp-002.jpg
  Saved sample: pow095_02.jpg
  Downloading: https://awsimgsrc.dmm.co.jp/pics_dig/digital/amateur/pow095/pow095jp-003.jpg
  Saved sample: pow095_03.jpg
  Downloading: https://awsimgsrc.dmm.co.jp/pics_dig/digital/amateur/pow095/pow095jp-004.jpg
  Saved sample: pow095_04.jpg
  Downloading: https://awsimgsrc.dmm.co.jp/pics_dig/digital/amateur/pow095/pow095jp-005.jpg
  Saved sample: pow095_05.jpg
[DOWNLOAD] Asset check for pow095 complete.
[OK] merged: pow095 images=5 review_len=354
[DONE] JSONL: /home/shinya/eroblog/data_getter/out/videoc_latest_enriched.jsonl  CSV: /home/shinya/eroblog/data_getter/out/videoc_latest.csv  HIST: /home/shinya/eroblog/data_getter/out/processed_cids.txt
[RUN] CID=smjx123
[DOWNLOAD] Checking assets for smjx123...
  Downloading: https://pics.dmm.co.jp/digital/amateur/smjx123/smjx123jm.jpg
  Saved poster: smjx123_poster.jpg
  Downloading: https://awsimgsrc.dmm.co.jp/pics_dig/digital/amateur/smjx123/smjx123jp-001.jpg
  Saved sample: smjx123_01.jpg
  Downloading: https://awsimgsrc.dmm.co.jp/pics_dig/digital/amateur/smjx123/smjx123jp-002.jpg
  Saved sample: smjx123_02.jpg
  Downloading: https://awsimgsrc.dmm.co.jp/pics_dig/digital/amateur/smjx123/smjx123jp-003.jpg
  Saved sample: smjx123_03.jpg
  Downloading: https://awsimgsrc.dmm.co.jp/pics_dig/digital/amateur/smjx123/smjx123jp-004.jpg
  Saved sample: smjx123_04.jpg
  Downloading: https://awsimgsrc.dmm.co.jp/pics_dig/digital/amateur/smjx123/smjx123jp-005.jpg
  Saved sample: smjx123_05.jpg
[DOWNLOAD] Asset check for smjx123 complete.
[OK] merged: smjx123 images=5 review_len=144
[DONE] JSONL: /home/shinya/eroblog/data_getter/out/videoc_latest_enriched.jsonl  CSV: /home/shinya/eroblog/data_getter/out/videoc_latest.csv  HIST: /home/shinya/eroblog/data_getter/out/processed_cids.txt
[RUN] CID=orecz331
[DOWNLOAD] Checking assets for orecz331...
  Downloading: https://pics.dmm.co.jp/digital/amateur/orecz331/orecz331jm.jpg
  Saved poster: orecz331_poster.jpg
  Downloading: https://awsimgsrc.dmm.co.jp/pics_dig/digital/amateur/orecz331/orecz331jp-001.jpg
  Saved sample: orecz331_01.jpg
  Downloading: https://awsimgsrc.dmm.co.jp/pics_dig/digital/amateur/orecz331/orecz331jp-002.jpg
  Saved sample: orecz331_02.jpg
  Downloading: https://awsimgsrc.dmm.co.jp/pics_dig/digital/amateur/orecz331/orecz331jp-003.jpg
  Saved sample: orecz331_03.jpg
  Downloading: https://awsimgsrc.dmm.co.jp/pics_dig/digital/amateur/orecz331/orecz331jp-004.jpg
  Saved sample: orecz331_04.jpg
  Downloading: https://awsimgsrc.dmm.co.jp/pics_dig/digital/amateur/orecz331/orecz331jp-005.jpg
  Saved sample: orecz331_05.jpg
[DOWNLOAD] Asset check for orecz331 complete.
[OK] merged: orecz331 images=5 review_len=181
[DONE] JSONL: /home/shinya/eroblog/data_getter/out/videoc_latest_enriched.jsonl  CSV: /home/shinya/eroblog/data_getter/out/videoc_latest.csv  HIST: /home/shinya/eroblog/data_getter/out/processed_cids.txt
[RUN] CID=oshi004
[DOWNLOAD] Checking assets for oshi004...
  Downloading: https://pics.dmm.co.jp/digital/amateur/oshi004/oshi004jm.jpg
  Saved poster: oshi004_poster.jpg
  Downloading: https://awsimgsrc.dmm.co.jp/pics_dig/digital/amateur/oshi004/oshi004jp-001.jpg
  Saved sample: oshi004_01.jpg
  Downloading: https://awsimgsrc.dmm.co.jp/pics_dig/digital/amateur/oshi004/oshi004jp-002.jpg
  Saved sample: oshi004_02.jpg
  Downloading: https://awsimgsrc.dmm.co.jp/pics_dig/digital/amateur/oshi004/oshi004jp-003.jpg
  Saved sample: oshi004_03.jpg
  Downloading: https://awsimgsrc.dmm.co.jp/pics_dig/digital/amateur/oshi004/oshi004jp-004.jpg
  Saved sample: oshi004_04.jpg
  Downloading: https://awsimgsrc.dmm.co.jp/pics_dig/digital/amateur/oshi004/oshi004jp-005.jpg
  Saved sample: oshi004_05.jpg
[DOWNLOAD] Asset check for oshi004 complete.
[OK] merged: oshi004 images=5 review_len=404
[DONE] JSONL: /home/shinya/eroblog/data_getter/out/videoc_latest_enriched.jsonl  CSV: /home/shinya/eroblog/data_getter/out/videoc_latest.csv  HIST: /home/shinya/eroblog/data_getter/out/processed_cids.txt
[RUN] CID=mgsod017
[DOWNLOAD] Checking assets for mgsod017...
  Downloading: https://pics.dmm.co.jp/digital/amateur/mgsod017/mgsod017jm.jpg
  Saved poster: mgsod017_poster.jpg
  Downloading: https://awsimgsrc.dmm.co.jp/pics_dig/digital/amateur/mgsod017/mgsod017jp-001.jpg
  Saved sample: mgsod017_01.jpg
  Downloading: https://awsimgsrc.dmm.co.jp/pics_dig/digital/amateur/mgsod017/mgsod017jp-002.jpg
  Saved sample: mgsod017_02.jpg
  Downloading: https://awsimgsrc.dmm.co.jp/pics_dig/digital/amateur/mgsod017/mgsod017jp-003.jpg
  Saved sample: mgsod017_03.jpg
  Downloading: https://awsimgsrc.dmm.co.jp/pics_dig/digital/amateur/mgsod017/mgsod017jp-004.jpg
  Saved sample: mgsod017_04.jpg
  Downloading: https://awsimgsrc.dmm.co.jp/pics_dig/digital/amateur/mgsod017/mgsod017jp-005.jpg
  Saved sample: mgsod017_05.jpg
[DOWNLOAD] Asset check for mgsod017 complete.
[OK] merged: mgsod017 images=5 review_len=146
[DONE] JSONL: /home/shinya/eroblog/data_getter/out/videoc_latest_enriched.jsonl  CSV: /home/shinya/eroblog/data_getter/out/videoc_latest.csv  HIST: /home/shinya/eroblog/data_getter/out/processed_cids.txt
[RUN] CID=smuv007
[DOWNLOAD] Checking assets for smuv007...
  Downloading: https://pics.dmm.co.jp/digital/amateur/smuv007/smuv007jm.jpg
  Saved poster: smuv007_poster.jpg
  Downloading: https://awsimgsrc.dmm.co.jp/pics_dig/digital/amateur/smuv007/smuv007jp-001.jpg
  Saved sample: smuv007_01.jpg
  Downloading: https://awsimgsrc.dmm.co.jp/pics_dig/digital/amateur/smuv007/smuv007jp-002.jpg
  Saved sample: smuv007_02.jpg
  Downloading: https://awsimgsrc.dmm.co.jp/pics_dig/digital/amateur/smuv007/smuv007jp-003.jpg
  Saved sample: smuv007_03.jpg
  Downloading: https://awsimgsrc.dmm.co.jp/pics_dig/digital/amateur/smuv007/smuv007jp-004.jpg
  Saved sample: smuv007_04.jpg
  Downloading: https://awsimgsrc.dmm.co.jp/pics_dig/digital/amateur/smuv007/smuv007jp-005.jpg
  Saved sample: smuv007_05.jpg
[DOWNLOAD] Asset check for smuv007 complete.
[OK] merged: smuv007 images=5 review_len=884
[DONE] JSONL: /home/shinya/eroblog/data_getter/out/videoc_latest_enriched.jsonl  CSV: /home/shinya/eroblog/data_getter/out/videoc_latest.csv  HIST: /home/shinya/eroblog/data_getter/out/processed_cids.txt
[RUN] CID=msodn039
[DOWNLOAD] Checking assets for msodn039...
  Downloading: https://pics.dmm.co.jp/digital/amateur/msodn039/msodn039jm.jpg
  Saved poster: msodn039_poster.jpg
  Downloading: https://awsimgsrc.dmm.co.jp/pics_dig/digital/amateur/msodn039/msodn039jp-001.jpg
  Saved sample: msodn039_01.jpg
  Downloading: https://awsimgsrc.dmm.co.jp/pics_dig/digital/amateur/msodn039/msodn039jp-002.jpg
  Saved sample: msodn039_02.jpg
  Downloading: https://awsimgsrc.dmm.co.jp/pics_dig/digital/amateur/msodn039/msodn039jp-003.jpg
  Saved sample: msodn039_03.jpg
  Downloading: https://awsimgsrc.dmm.co.jp/pics_dig/digital/amateur/msodn039/msodn039jp-004.jpg
  Saved sample: msodn039_04.jpg
  Downloading: https://awsimgsrc.dmm.co.jp/pics_dig/digital/amateur/msodn039/msodn039jp-005.jpg
  Saved sample: msodn039_05.jpg
[DOWNLOAD] Asset check for msodn039 complete.
[OK] merged: msodn039 images=5 review_len=0
[DONE] JSONL: /home/shinya/eroblog/data_getter/out/videoc_latest_enriched.jsonl  CSV: /home/shinya/eroblog/data_getter/out/videoc_latest.csv  HIST: /home/shinya/eroblog/data_getter/out/processed_cids.txt
[RUN] CID=smub071
[DOWNLOAD] Checking assets for smub071...
  Downloading: https://pics.dmm.co.jp/digital/amateur/smub071/smub071jm.jpg
  Saved poster: smub071_poster.jpg
  Downloading: https://awsimgsrc.dmm.co.jp/pics_dig/digital/amateur/smub071/smub071jp-001.jpg
  Saved sample: smub071_01.jpg
  Downloading: https://awsimgsrc.dmm.co.jp/pics_dig/digital/amateur/smub071/smub071jp-002.jpg
  Saved sample: smub071_02.jpg
  Downloading: https://awsimgsrc.dmm.co.jp/pics_dig/digital/amateur/smub071/smub071jp-003.jpg
  Saved sample: smub071_03.jpg
  Downloading: https://awsimgsrc.dmm.co.jp/pics_dig/digital/amateur/smub071/smub071jp-004.jpg
  Saved sample: smub071_04.jpg
  Downloading: https://awsimgsrc.dmm.co.jp/pics_dig/digital/amateur/smub071/smub071jp-005.jpg
  Saved sample: smub071_05.jpg
[DOWNLOAD] Asset check for smub071 complete.
[OK] merged: smub071 images=5 review_len=556
[DONE] JSONL: /home/shinya/eroblog/data_getter/out/videoc_latest_enriched.jsonl  CSV: /home/shinya/eroblog/data_getter/out/videoc_latest.csv  HIST: /home/shinya/eroblog/data_getter/out/processed_cids.txt
[OK] history appended: mfc349
[OK] daily appended: 20251112.jsonl mfc349
[RUN] CID=mfc349
[DOWNLOAD] Checking assets for mfc349...
  Downloading: https://pics.dmm.co.jp/digital/amateur/mfc349/mfc349jm.jpg
  Saved poster: mfc349_poster.jpg
  Downloading: https://awsimgsrc.dmm.co.jp/pics_dig/digital/amateur/mfc349/mfc349jp-001.jpg
  Saved sample: mfc349_01.jpg
  Downloading: https://awsimgsrc.dmm.co.jp/pics_dig/digital/amateur/mfc349/mfc349jp-002.jpg
  Saved sample: mfc349_02.jpg
  Downloading: https://awsimgsrc.dmm.co.jp/pics_dig/digital/amateur/mfc349/mfc349jp-003.jpg
  Saved sample: mfc349_03.jpg
  Downloading: https://awsimgsrc.dmm.co.jp/pics_dig/digital/amateur/mfc349/mfc349jp-004.jpg
  Saved sample: mfc349_04.jpg
  Downloading: https://awsimgsrc.dmm.co.jp/pics_dig/digital/amateur/mfc349/mfc349jp-005.jpg
  Saved sample: mfc349_05.jpg
[DOWNLOAD] Asset check for mfc349 complete.
[OK] merged: mfc349 images=5 review_len=283
[DONE] JSONL: /home/shinya/eroblog/data_getter/out/videoc_latest_enriched.jsonl  CSV: /home/shinya/eroblog/data_getter/out/videoc_latest.csv  HIST: /home/shinya/eroblog/data_getter/out/processed_cids.txt
[OK] history appended: akdl349c
[OK] daily appended: 20251112.jsonl akdl349c
[RUN] CID=akdl349c
[DOWNLOAD] Checking assets for akdl349c...
  Downloading: https://pics.dmm.co.jp/digital/amateur/akdl349c/akdl349cjm.jpg
  Saved poster: akdl349c_poster.jpg
  Downloading: https://awsimgsrc.dmm.co.jp/pics_dig/digital/amateur/akdl349c/akdl349cjp-001.jpg
  Saved sample: akdl349c_01.jpg
  Downloading: https://awsimgsrc.dmm.co.jp/pics_dig/digital/amateur/akdl349c/akdl349cjp-002.jpg
  Saved sample: akdl349c_02.jpg
  Downloading: https://awsimgsrc.dmm.co.jp/pics_dig/digital/amateur/akdl349c/akdl349cjp-003.jpg
  Saved sample: akdl349c_03.jpg
  Downloading: https://awsimgsrc.dmm.co.jp/pics_dig/digital/amateur/akdl349c/akdl349cjp-004.jpg
  Saved sample: akdl349c_04.jpg
  Downloading: https://awsimgsrc.dmm.co.jp/pics_dig/digital/amateur/akdl349c/akdl349cjp-005.jpg
  Saved sample: akdl349c_05.jpg
[DOWNLOAD] Asset check for akdl349c complete.
[OK] merged: akdl349c images=5 review_len=114
[DONE] JSONL: /home/shinya/eroblog/data_getter/out/videoc_latest_enriched.jsonl  CSV: /home/shinya/eroblog/data_getter/out/videoc_latest.csv  HIST: /home/shinya/eroblog/data_getter/out/processed_cids.txt
[OK] history appended: fct0167
[OK] daily appended: 20251112.jsonl fct0167
[RUN] CID=fct0167
[DOWNLOAD] Checking assets for fct0167...
  Downloading: https://pics.dmm.co.jp/digital/amateur/fct0167/fct0167jm.jpg
  Saved poster: fct0167_poster.jpg
  Downloading: https://awsimgsrc.dmm.co.jp/pics_dig/digital/amateur/fct0167/fct0167jp-001.jpg
  Saved sample: fct0167_01.jpg
  Downloading: https://awsimgsrc.dmm.co.jp/pics_dig/digital/amateur/fct0167/fct0167jp-002.jpg
  Saved sample: fct0167_02.jpg
  Downloading: https://awsimgsrc.dmm.co.jp/pics_dig/digital/amateur/fct0167/fct0167jp-003.jpg
  Saved sample: fct0167_03.jpg
  Downloading: https://awsimgsrc.dmm.co.jp/pics_dig/digital/amateur/fct0167/fct0167jp-004.jpg
  Saved sample: fct0167_04.jpg
  Downloading: https://awsimgsrc.dmm.co.jp/pics_dig/digital/amateur/fct0167/fct0167jp-005.jpg
  Saved sample: fct0167_05.jpg
[DOWNLOAD] Asset check for fct0167 complete.
[OK] merged: fct0167 images=5 review_len=0
[DONE] JSONL: /home/shinya/eroblog/data_getter/out/videoc_latest_enriched.jsonl  CSV: /home/shinya/eroblog/data_getter/out/videoc_latest.csv  HIST: /home/shinya/eroblog/data_getter/out/processed_cids.txt
