[INFO] publish_queue に未処理キューがありません。
[INFO] publish_queue に未処理キューがありません。
[INFO] publish_queue に未処理キューがありません。
[INFO] publish_queue に未処理キューがありません。
[FAIL] 原稿なし: /home/shinya/eroblog/content/drafts/20251112_tpdc022_ニア.md
[FAIL] 原稿なし: /home/shinya/eroblog/content/drafts/20251112_tpdc022_ニア.md
[INFO] publish_queue に未処理キューがありません。
[INFO] publish_queue に未処理キューがありません。
[INFO] publish_queue に未処理キューがありません。
[OK] import: cid=hhl152 title=YUNA review_len=336 -> published/20251114_hhl152_YUNA.md
[OK] import: cid=hhl152 title=YUNA review_len=336 -> published/20251114_hhl152_YUNA.md
[OK] import: cid=sjho036 title=ゆりさん review_len=271 -> published/20251114_sjho036_ゆりさん.md
[OK] import: cid=hhl152 title=YUNA review_len=336 -> published/20251114_hhl152_YUNA.md
[OK] import: cid=sjho036 title=ゆりさん review_len=271 -> published/20251114_sjho036_ゆりさん.md
[OK] import: cid=erk105 title=さなちゃん review_len=428 -> published/20251115_erk105_さなちゃん.md
[OK] import: cid=erk105 title=さなちゃん review_len=428 -> published/20251115_erk105_さなちゃん.md
[OK] import: cid=simf004 title=いおり review_len=396 -> published/20251115_simf004_いおり.md
[OK] import: cid=smuh067 title=しゅうかちゃん review_len=787 -> published/20251115_smuh067_しゅうかちゃん.md
[INFO] publish_queue に未処理キューがありません。
[OK] import: cid=erk105 title=さなちゃん review_len=428 -> published/20251115_erk105_さなちゃん.md
[OK] import: cid=hcmn091 title=まひる review_len=186 -> published/20251115_hcmn091_まひる.md
[OK] import: cid=simf004 title=いおり review_len=396 -> published/20251115_simf004_いおり.md
[OK] import: cid=smuh067 title=しゅうかちゃん review_len=787 -> published/20251115_smuh067_しゅうかちゃん.md
Traceback (most recent call last):
  File "/home/shinya/eroblog/blog_builder/scripts/import_posts.py", line 9, in <module>
    from posts.models import Post
ModuleNotFoundError: No module named 'posts'
Traceback (most recent call last):
  File "/home/shinya/eroblog/blog_builder/scripts/import_posts.py", line 9, in <module>
    from posts.models import Post
ModuleNotFoundError: No module named 'posts'
Traceback (most recent call last):
  File "/home/shinya/eroblog/blog_builder/scripts/import_posts.py", line 9, in <module>
    from posts.models import Post
ModuleNotFoundError: No module named 'posts'
Traceback (most recent call last):
  File "/home/shinya/eroblog/blog_builder/scripts/import_posts.py", line 9, in <module>
    from posts.models import Post
ModuleNotFoundError: No module named 'posts'
Traceback (most recent call last):
  File "/home/shinya/eroblog/blog_builder/scripts/import_posts.py", line 9, in <module>
    from posts.models import Post
ModuleNotFoundError: No module named 'posts'
Traceback (most recent call last):
  File "/home/shinya/eroblog/blog_builder/scripts/import_posts.py", line 9, in <module>
    from posts.models import Post
ModuleNotFoundError: No module named 'posts'
Traceback (most recent call last):
  File "/home/shinya/eroblog/blog_builder/scripts/import_posts.py", line 9, in <module>
    from posts.models import Post
ModuleNotFoundError: No module named 'posts'
Traceback (most recent call last):
  File "/home/shinya/eroblog/blog_builder/scripts/import_posts.py", line 9, in <module>
    from posts.models import Post
ModuleNotFoundError: No module named 'posts'
Traceback (most recent call last):
  File "/home/shinya/eroblog/blog_builder/scripts/import_posts.py", line 9, in <module>
    from posts.models import Post
ModuleNotFoundError: No module named 'posts'
Traceback (most recent call last):
  File "/home/shinya/eroblog/blog_builder/scripts/import_posts.py", line 9, in <module>
    from posts.models import Post
ModuleNotFoundError: No module named 'posts'
Traceback (most recent call last):
  File "/home/shinya/eroblog/blog_builder/scripts/import_posts.py", line 9, in <module>
    from posts.models import Post
ModuleNotFoundError: No module named 'posts'
Traceback (most recent call last):
  File "/home/shinya/eroblog/blog_builder/scripts/import_posts.py", line 9, in <module>
    from posts.models import Post
ModuleNotFoundError: No module named 'posts'
Traceback (most recent call last):
  File "/home/shinya/eroblog/blog_builder/scripts/import_posts.py", line 9, in <module>
    from posts.models import Post
ModuleNotFoundError: No module named 'posts'
Traceback (most recent call last):
  File "/home/shinya/eroblog/blog_builder/scripts/import_posts.py", line 9, in <module>
    from posts.models import Post
ModuleNotFoundError: No module named 'posts'
Traceback (most recent call last):
  File "/home/shinya/eroblog/blog_builder/scripts/import_posts.py", line 9, in <module>
    from posts.models import Post
ModuleNotFoundError: No module named 'posts'
Traceback (most recent call last):
  File "/home/shinya/eroblog/blog_builder/scripts/import_posts.py", line 9, in <module>
    from posts.models import Post
ModuleNotFoundError: No module named 'posts'
Traceback (most recent call last):
  File "/home/shinya/eroblog/blog_builder/scripts/import_posts.py", line 9, in <module>
    from posts.models import Post
ModuleNotFoundError: No module named 'posts'
Traceback (most recent call last):
  File "/home/shinya/eroblog/blog_builder/scripts/import_posts.py", line 9, in <module>
    from posts.models import Post
ModuleNotFoundError: No module named 'posts'
Traceback (most recent call last):
  File "/home/shinya/eroblog/blog_builder/scripts/import_posts.py", line 9, in <module>
    from posts.models import Post
ModuleNotFoundError: No module named 'posts'
Traceback (most recent call last):
  File "/home/shinya/eroblog/blog_builder/scripts/import_posts.py", line 9, in <module>
    from posts.models import Post
ModuleNotFoundError: No module named 'posts'
Traceback (most recent call last):
  File "/home/shinya/eroblog/blog_builder/scripts/import_posts.py", line 9, in <module>
    from posts.models import Post
ModuleNotFoundError: No module named 'posts'
Traceback (most recent call last):
  File "/home/shinya/eroblog/blog_builder/scripts/import_posts.py", line 9, in <module>
    from posts.models import Post
ModuleNotFoundError: No module named 'posts'
Traceback (most recent call last):
  File "/home/shinya/eroblog/blog_builder/scripts/import_posts.py", line 9, in <module>
    from posts.models import Post
ModuleNotFoundError: No module named 'posts'
Traceback (most recent call last):
  File "/home/shinya/eroblog/blog_builder/scripts/import_posts.py", line 9, in <module>
    from posts.models import Post
ModuleNotFoundError: No module named 'posts'
Traceback (most recent call last):
  File "/home/shinya/eroblog/blog_builder/scripts/import_posts.py", line 9, in <module>
    from posts.models import Post
ModuleNotFoundError: No module named 'posts'
Traceback (most recent call last):
  File "/home/shinya/eroblog/blog_builder/scripts/import_posts.py", line 9, in <module>
    from posts.models import Post
ModuleNotFoundError: No module named 'posts'
Traceback (most recent call last):
  File "/home/shinya/eroblog/blog_builder/scripts/import_posts.py", line 9, in <module>
    from posts.models import Post
ModuleNotFoundError: No module named 'posts'
Traceback (most recent call last):
  File "/home/shinya/eroblog/blog_builder/scripts/import_posts.py", line 9, in <module>
    from posts.models import Post
ModuleNotFoundError: No module named 'posts'
Traceback (most recent call last):
  File "/home/shinya/eroblog/blog_builder/scripts/import_posts.py", line 9, in <module>
    from posts.models import Post
ModuleNotFoundError: No module named 'posts'
Traceback (most recent call last):
  File "/home/shinya/eroblog/blog_builder/scripts/import_posts.py", line 9, in <module>
    from posts.models import Post
ModuleNotFoundError: No module named 'posts'
Traceback (most recent call last):
  File "/home/shinya/eroblog/blog_builder/scripts/import_posts.py", line 9, in <module>
    from posts.models import Post
ModuleNotFoundError: No module named 'posts'
Traceback (most recent call last):
  File "/home/shinya/eroblog/blog_builder/scripts/import_posts.py", line 9, in <module>
    from posts.models import Post
ModuleNotFoundError: No module named 'posts'
Traceback (most recent call last):
  File "/home/shinya/eroblog/blog_builder/scripts/import_posts.py", line 9, in <module>
    from posts.models import Post
ModuleNotFoundError: No module named 'posts'
Traceback (most recent call last):
  File "/home/shinya/eroblog/blog_builder/scripts/import_posts.py", line 9, in <module>
    from posts.models import Post
ModuleNotFoundError: No module named 'posts'
Traceback (most recent call last):
  File "/home/shinya/eroblog/blog_builder/scripts/import_posts.py", line 9, in <module>
    from posts.models import Post
ModuleNotFoundError: No module named 'posts'
Traceback (most recent call last):
  File "/home/shinya/eroblog/blog_builder/scripts/import_posts.py", line 9, in <module>
    from posts.models import Post
ModuleNotFoundError: No module named 'posts'
Traceback (most recent call last):
  File "/home/shinya/eroblog/blog_builder/scripts/import_posts.py", line 9, in <module>
    from posts.models import Post
ModuleNotFoundError: No module named 'posts'
Traceback (most recent call last):
  File "/home/shinya/eroblog/blog_builder/scripts/import_posts.py", line 9, in <module>
    from posts.models import Post
ModuleNotFoundError: No module named 'posts'
Traceback (most recent call last):
  File "/home/shinya/eroblog/blog_builder/scripts/import_posts.py", line 9, in <module>
    from posts.models import Post
ModuleNotFoundError: No module named 'posts'
Traceback (most recent call last):
  File "/home/shinya/eroblog/blog_builder/scripts/import_posts.py", line 9, in <module>
    from posts.models import Post
ModuleNotFoundError: No module named 'posts'
Traceback (most recent call last):
  File "/home/shinya/eroblog/blog_builder/scripts/import_posts.py", line 9, in <module>
    from posts.models import Post
ModuleNotFoundError: No module named 'posts'
Traceback (most recent call last):
  File "/home/shinya/eroblog/blog_builder/scripts/import_posts.py", line 9, in <module>
    from posts.models import Post
ModuleNotFoundError: No module named 'posts'
Traceback (most recent call last):
  File "/home/shinya/eroblog/blog_builder/scripts/import_posts.py", line 9, in <module>
    from posts.models import Post
ModuleNotFoundError: No module named 'posts'
Traceback (most recent call last):
  File "/home/shinya/eroblog/blog_builder/scripts/import_posts.py", line 9, in <module>
    from posts.models import Post
ModuleNotFoundError: No module named 'posts'
Traceback (most recent call last):
  File "/home/shinya/eroblog/blog_builder/scripts/import_posts.py", line 9, in <module>
    from posts.models import Post
ModuleNotFoundError: No module named 'posts'
Traceback (most recent call last):
  File "/home/shinya/eroblog/blog_builder/scripts/import_posts.py", line 9, in <module>
    from posts.models import Post
ModuleNotFoundError: No module named 'posts'
Traceback (most recent call last):
  File "/home/shinya/eroblog/blog_builder/scripts/import_posts.py", line 9, in <module>
    from posts.models import Post
ModuleNotFoundError: No module named 'posts'
Traceback (most recent call last):
  File "/home/shinya/eroblog/blog_builder/scripts/import_posts.py", line 9, in <module>
    from posts.models import Post
ModuleNotFoundError: No module named 'posts'
Traceback (most recent call last):
  File "/home/shinya/eroblog/blog_builder/scripts/import_posts.py", line 9, in <module>
    from posts.models import Post
ModuleNotFoundError: No module named 'posts'
Traceback (most recent call last):
  File "/home/shinya/eroblog/blog_builder/scripts/import_posts.py", line 9, in <module>
    from posts.models import Post
ModuleNotFoundError: No module named 'posts'
Traceback (most recent call last):
  File "/home/shinya/eroblog/blog_builder/scripts/import_posts.py", line 9, in <module>
    from posts.models import Post
ModuleNotFoundError: No module named 'posts'
--- Processing CID: smjs202 ---
SUCCESS: [smjs202] を DB に 更新 しました。sizes='B-- W-- H--'
INFO: 原稿を /home/shinya/eroblog/content/published/20251122_smjs202_かんなさん.md へ移動しました。
INFO: キューファイル smjs202.json を削除しました。
--- Processing CID: orecz342 ---
SUCCESS: [orecz342] を DB に 更新 しました。sizes='B-- W-- H--'
INFO: 原稿を /home/shinya/eroblog/content/published/20251122_orecz342_れむさん.md へ移動しました。
INFO: キューファイル orecz342.json を削除しました。
--- Processing CID: gesy085 ---
SUCCESS: [gesy085] を DB に 更新 しました。sizes='T165 B90 W62 H90'
INFO: 原稿を /home/shinya/eroblog/content/published/20251122_gesy085_なるみ.md へ移動しました。
INFO: キューファイル gesy085.json を削除しました。
--- Processing CID: bouz006 ---
SUCCESS: [bouz006] を DB に 更新 しました。sizes='T162 B95 W63 H97'
INFO: 原稿を /home/shinya/eroblog/content/published/20251122_bouz006_りり.md へ移動しました。
INFO: キューファイル bouz006.json を削除しました。
--- Processing CID: hoi394 ---
SUCCESS: [hoi394] を DB に 更新 しました。sizes='T165 B89 W57 H89'
INFO: 原稿を /home/shinya/eroblog/content/published/20251122_hoi394_蒼美.md へ移動しました。
INFO: キューファイル hoi394.json を削除しました。
--- Processing CID: bouz006 ---
SUCCESS: [bouz006] を DB に更新しました。sizes='T162 B95 W63 H97'
--- Processing CID: gesy085 ---
SUCCESS: [gesy085] を DB に更新しました。sizes='T165 B90 W62 H90'
--- Processing CID: hoi394 ---
SUCCESS: [hoi394] を DB に更新しました。sizes='T165 B89 W57 H89'
--- Processing CID: lady538 ---
FAIL: DB に cid=lady538 がないのでスキップ
--- Processing CID: orecz342 ---
SUCCESS: [orecz342] を DB に更新しました。sizes='B-- W-- H--'
--- Processing CID: smjs202 ---
SUCCESS: [smjs202] を DB に更新しました。sizes='B-- W-- H--'
--- Processing CID: bouz006 ---
SUCCESS: [bouz006] を DB に更新しました。sizes='T162 B95 W63 H97'
--- Processing CID: gesy085 ---
SUCCESS: [gesy085] を DB に更新しました。sizes='T165 B90 W62 H90'
--- Processing CID: hmdnc880 ---
FAIL: DB に cid=hmdnc880 がないのでスキップ
--- Processing CID: hoi394 ---
SUCCESS: [hoi394] を DB に更新しました。sizes='T165 B89 W57 H89'
--- Processing CID: lady538 ---
FAIL: DB に cid=lady538 がないのでスキップ
--- Processing CID: mrs0035 ---
FAIL: DB に cid=mrs0035 がないのでスキップ
--- Processing CID: orecz342 ---
SUCCESS: [orecz342] を DB に更新しました。sizes='B-- W-- H--'
--- Processing CID: smjs202 ---
SUCCESS: [smjs202] を DB に更新しました。sizes='B-- W-- H--'
--- Processing CID: bouz006 ---
SUCCESS: [bouz006] を DB に更新しました。sizes='T162 B95 W63 H97'
--- Processing CID: gesy085 ---
SUCCESS: [gesy085] を DB に更新しました。sizes='T165 B90 W62 H90'
--- Processing CID: hmdnc880 ---
FAIL: DB に cid=hmdnc880 がないのでスキップ
--- Processing CID: hoi394 ---
SUCCESS: [hoi394] を DB に更新しました。sizes='T165 B89 W57 H89'
--- Processing CID: lady538 ---
FAIL: DB に cid=lady538 がないのでスキップ
--- Processing CID: mrs0035 ---
FAIL: DB に cid=mrs0035 がないのでスキップ
--- Processing CID: orecz342 ---
SUCCESS: [orecz342] を DB に更新しました。sizes='B-- W-- H--'
--- Processing CID: smjs202 ---
SUCCESS: [smjs202] を DB に更新しました。sizes='B-- W-- H--'
--- Processing CID: smuv011 ---
FAIL: DB に cid=smuv011 がないのでスキップ
--- Processing CID: bouz006 ---
SUCCESS: [bouz006] を DB に更新しました。sizes='T162 B95 W63 H97'
--- Processing CID: gesy085 ---
SUCCESS: [gesy085] を DB に更新しました。sizes='T165 B90 W62 H90'
--- Processing CID: hmdnc880 ---
FAIL: DB に cid=hmdnc880 がないのでスキップ
--- Processing CID: hoi394 ---
SUCCESS: [hoi394] を DB に更新しました。sizes='T165 B89 W57 H89'
--- Processing CID: lady538 ---
FAIL: DB に cid=lady538 がないのでスキップ
--- Processing CID: mrs0035 ---
FAIL: DB に cid=mrs0035 がないのでスキップ
--- Processing CID: orecz342 ---
SUCCESS: [orecz342] を DB に更新しました。sizes='B-- W-- H--'
--- Processing CID: smjs202 ---
SUCCESS: [smjs202] を DB に更新しました。sizes='B-- W-- H--'
--- Processing CID: smuv011 ---
FAIL: DB に cid=smuv011 がないのでスキップ
--- Processing CID: bouz006 ---
SUCCESS: [bouz006] を DB に更新しました。sizes='T162 B95 W63 H97'
--- Processing CID: docs113 ---
FAIL: DB に cid=docs113 がないのでスキップ
--- Processing CID: gesy085 ---
SUCCESS: [gesy085] を DB に更新しました。sizes='T165 B90 W62 H90'
--- Processing CID: hmdnc880 ---
FAIL: DB に cid=hmdnc880 がないのでスキップ
--- Processing CID: hoi394 ---
SUCCESS: [hoi394] を DB に更新しました。sizes='T165 B89 W57 H89'
--- Processing CID: lady538 ---
FAIL: DB に cid=lady538 がないのでスキップ
--- Processing CID: mrs0035 ---
FAIL: DB に cid=mrs0035 がないのでスキップ
--- Processing CID: orecz342 ---
SUCCESS: [orecz342] を DB に更新しました。sizes='B-- W-- H--'
--- Processing CID: smjs202 ---
SUCCESS: [smjs202] を DB に更新しました。sizes='B-- W-- H--'
--- Processing CID: smuv011 ---
FAIL: DB に cid=smuv011 がないのでスキップ
--- Processing CID: bouz006 ---
SUCCESS: [bouz006] を DB に更新しました。sizes='T162 B95 W63 H97'
--- Processing CID: docs113 ---
FAIL: DB に cid=docs113 がないのでスキップ
--- Processing CID: gesy085 ---
SUCCESS: [gesy085] を DB に更新しました。sizes='T165 B90 W62 H90'
--- Processing CID: hint0696 ---
FAIL: DB に cid=hint0696 がないのでスキップ
--- Processing CID: hmdnc880 ---
FAIL: DB に cid=hmdnc880 がないのでスキップ
--- Processing CID: hoi394 ---
SUCCESS: [hoi394] を DB に更新しました。sizes='T165 B89 W57 H89'
--- Processing CID: lady538 ---
FAIL: DB に cid=lady538 がないのでスキップ
--- Processing CID: mrs0035 ---
FAIL: DB に cid=mrs0035 がないのでスキップ
--- Processing CID: orecz342 ---
SUCCESS: [orecz342] を DB に更新しました。sizes=''
--- Processing CID: smjs202 ---
SUCCESS: [smjs202] を DB に更新しました。sizes=''
--- Processing CID: smuv011 ---
FAIL: DB に cid=smuv011 がないのでスキップ
--- Processing CID: bouz006 ---
SUCCESS: [bouz006] を DB に更新しました。sizes='T162 B95 W63 H97'
--- Processing CID: docs113 ---
FAIL: DB に cid=docs113 がないのでスキップ
--- Processing CID: gesy085 ---
SUCCESS: [gesy085] を DB に更新しました。sizes='T165 B90 W62 H90'
--- Processing CID: hint0696 ---
FAIL: DB に cid=hint0696 がないのでスキップ
--- Processing CID: hmdnc880 ---
FAIL: DB に cid=hmdnc880 がないのでスキップ
--- Processing CID: hoi394 ---
SUCCESS: [hoi394] を DB に更新しました。sizes='T165 B89 W57 H89'
--- Processing CID: lady538 ---
FAIL: DB に cid=lady538 がないのでスキップ
--- Processing CID: mrs0035 ---
FAIL: DB に cid=mrs0035 がないのでスキップ
--- Processing CID: orecz342 ---
SUCCESS: [orecz342] を DB に更新しました。sizes=''
--- Processing CID: pnme285 ---
FAIL: DB に cid=pnme285 がないのでスキップ
--- Processing CID: smjs202 ---
SUCCESS: [smjs202] を DB に更新しました。sizes=''
--- Processing CID: smuv011 ---
FAIL: DB に cid=smuv011 がないのでスキップ
--- Processing CID: urutora214 ---
FAIL: DB に cid=urutora214 がないのでスキップ
--- Processing CID: docs113 ---
FAIL: DB に cid=docs113 がないのでスキップ
--- Processing CID: hint0696 ---
FAIL: DB に cid=hint0696 がないのでスキップ
--- Processing CID: hmdnc880 ---
FAIL: DB に cid=hmdnc880 がないのでスキップ
--- Processing CID: lady538 ---
FAIL: DB に cid=lady538 がないのでスキップ
--- Processing CID: mrs0035 ---
FAIL: DB に cid=mrs0035 がないのでスキップ
--- Processing CID: pnme285 ---
FAIL: DB に cid=pnme285 がないのでスキップ
--- Processing CID: smuv011 ---
FAIL: DB に cid=smuv011 がないのでスキップ
--- Processing CID: urutora214 ---
FAIL: DB に cid=urutora214 がないのでスキップ
--- Processing CID: docs113 ---
FAIL: DB に cid=docs113 がないのでスキップ
--- Processing CID: hint0696 ---
FAIL: DB に cid=hint0696 がないのでスキップ
--- Processing CID: hmdnc880 ---
FAIL: DB に cid=hmdnc880 がないのでスキップ
--- Processing CID: lady538 ---
FAIL: DB に cid=lady538 がないのでスキップ
--- Processing CID: mrs0035 ---
FAIL: DB に cid=mrs0035 がないのでスキップ
--- Processing CID: pnme285 ---
FAIL: DB に cid=pnme285 がないのでスキップ
--- Processing CID: skoi003 ---
FAIL: DB に cid=skoi003 がないのでスキップ
--- Processing CID: smgn001 ---
FAIL: DB に cid=smgn001 がないのでスキップ
--- Processing CID: smuv011 ---
FAIL: DB に cid=smuv011 がないのでスキップ
--- Processing CID: urutora214 ---
FAIL: DB に cid=urutora214 がないのでスキップ
--- Processing CID: docs113 ---
FAIL: DB に cid=docs113 がないのでスキップ
--- Processing CID: hint0696 ---
FAIL: DB に cid=hint0696 がないのでスキップ
--- Processing CID: hmdnc880 ---
FAIL: DB に cid=hmdnc880 がないのでスキップ
--- Processing CID: lady538 ---
FAIL: DB に cid=lady538 がないのでスキップ
--- Processing CID: mrs0035 ---
FAIL: DB に cid=mrs0035 がないのでスキップ
--- Processing CID: pnme285 ---
FAIL: DB に cid=pnme285 がないのでスキップ
--- Processing CID: skoi003 ---
FAIL: DB に cid=skoi003 がないのでスキップ
--- Processing CID: smgn001 ---
FAIL: DB に cid=smgn001 がないのでスキップ
--- Processing CID: smuv011 ---
FAIL: DB に cid=smuv011 がないのでスキップ
--- Processing CID: urutora214 ---
FAIL: DB に cid=urutora214 がないのでスキップ
--- Processing CID: docs113 ---
FAIL: DB に cid=docs113 がないのでスキップ
--- Processing CID: hint0696 ---
FAIL: DB に cid=hint0696 がないのでスキップ
--- Processing CID: hmdnc880 ---
FAIL: DB に cid=hmdnc880 がないのでスキップ
--- Processing CID: lady538 ---
FAIL: DB に cid=lady538 がないのでスキップ
--- Processing CID: mrs0035 ---
FAIL: DB に cid=mrs0035 がないのでスキップ
--- Processing CID: pnme285 ---
FAIL: DB に cid=pnme285 がないのでスキップ
--- Processing CID: skoi003 ---
FAIL: DB に cid=skoi003 がないのでスキップ
--- Processing CID: smgn001 ---
FAIL: DB に cid=smgn001 がないのでスキップ
--- Processing CID: smuv011 ---
FAIL: DB に cid=smuv011 がないのでスキップ
--- Processing CID: urutora214 ---
FAIL: DB に cid=urutora214 がないのでスキップ
--- Processing CID: yss124 ---
FAIL: DB に cid=yss124 がないのでスキップ
--- Processing CID: bouz007 ---
FAIL: DB に cid=bouz007 がないのでスキップ
--- Processing CID: docs113 ---
FAIL: DB に cid=docs113 がないのでスキップ
--- Processing CID: hint0696 ---
FAIL: DB に cid=hint0696 がないのでスキップ
--- Processing CID: hmdnc880 ---
FAIL: DB に cid=hmdnc880 がないのでスキップ
--- Processing CID: lady538 ---
FAIL: DB に cid=lady538 がないのでスキップ
--- Processing CID: mrs0035 ---
FAIL: DB に cid=mrs0035 がないのでスキップ
--- Processing CID: pnme285 ---
FAIL: DB に cid=pnme285 がないのでスキップ
--- Processing CID: skoi003 ---
FAIL: DB に cid=skoi003 がないのでスキップ
--- Processing CID: smgn001 ---
FAIL: DB に cid=smgn001 がないのでスキップ
--- Processing CID: smuv011 ---
FAIL: DB に cid=smuv011 がないのでスキップ
--- Processing CID: urutora214 ---
FAIL: DB に cid=urutora214 がないのでスキップ
--- Processing CID: yss124 ---
FAIL: DB に cid=yss124 がないのでスキップ
--- Processing CID: bouz007 ---
FAIL: DB に cid=bouz007 がないのでスキップ
--- Processing CID: docs113 ---
FAIL: DB に cid=docs113 がないのでスキップ
--- Processing CID: hint0696 ---
FAIL: DB に cid=hint0696 がないのでスキップ
--- Processing CID: hmdnc880 ---
FAIL: DB に cid=hmdnc880 がないのでスキップ
--- Processing CID: lady538 ---
FAIL: DB に cid=lady538 がないのでスキップ
--- Processing CID: mrs0035 ---
FAIL: DB に cid=mrs0035 がないのでスキップ
--- Processing CID: pnme285 ---
FAIL: DB に cid=pnme285 がないのでスキップ
--- Processing CID: skoi003 ---
FAIL: DB に cid=skoi003 がないのでスキップ
--- Processing CID: smgn001 ---
FAIL: DB に cid=smgn001 がないのでスキップ
--- Processing CID: smub073 ---
FAIL: DB に cid=smub073 がないのでスキップ
--- Processing CID: smuv011 ---
FAIL: DB に cid=smuv011 がないのでスキップ
--- Processing CID: urutora214 ---
FAIL: DB に cid=urutora214 がないのでスキップ
--- Processing CID: yss124 ---
FAIL: DB に cid=yss124 がないのでスキップ
--- Processing CID: bouz007 ---
FAIL: DB に cid=bouz007 がないのでスキップ
--- Processing CID: docs113 ---
FAIL: DB に cid=docs113 がないのでスキップ
--- Processing CID: hint0696 ---
FAIL: DB に cid=hint0696 がないのでスキップ
--- Processing CID: hmdnc880 ---
FAIL: DB に cid=hmdnc880 がないのでスキップ
--- Processing CID: lady538 ---
FAIL: DB に cid=lady538 がないのでスキップ
--- Processing CID: mrs0035 ---
FAIL: DB に cid=mrs0035 がないのでスキップ
--- Processing CID: pnme285 ---
FAIL: DB に cid=pnme285 がないのでスキップ
--- Processing CID: skoi003 ---
FAIL: DB に cid=skoi003 がないのでスキップ
--- Processing CID: smgn001 ---
FAIL: DB に cid=smgn001 がないのでスキップ
--- Processing CID: smjk133 ---
FAIL: DB に cid=smjk133 がないのでスキップ
--- Processing CID: smub073 ---
FAIL: DB に cid=smub073 がないのでスキップ
--- Processing CID: smuv011 ---
FAIL: DB に cid=smuv011 がないのでスキップ
--- Processing CID: urutora214 ---
FAIL: DB に cid=urutora214 がないのでスキップ
--- Processing CID: yss124 ---
FAIL: DB に cid=yss124 がないのでスキップ
--- Processing CID: bouz007 ---
FAIL: DB に cid=bouz007 がないのでスキップ
--- Processing CID: docs113 ---
FAIL: DB に cid=docs113 がないのでスキップ
--- Processing CID: hint0696 ---
FAIL: DB に cid=hint0696 がないのでスキップ
--- Processing CID: hmdnc880 ---
FAIL: DB に cid=hmdnc880 がないのでスキップ
--- Processing CID: lady538 ---
FAIL: DB に cid=lady538 がないのでスキップ
--- Processing CID: mrs0035 ---
FAIL: DB に cid=mrs0035 がないのでスキップ
--- Processing CID: pnme285 ---
FAIL: DB に cid=pnme285 がないのでスキップ
--- Processing CID: skoi003 ---
FAIL: DB に cid=skoi003 がないのでスキップ
--- Processing CID: smgn001 ---
FAIL: DB に cid=smgn001 がないのでスキップ
--- Processing CID: smjk133 ---
FAIL: DB に cid=smjk133 がないのでスキップ
--- Processing CID: smjx132 ---
FAIL: DB に cid=smjx132 がないのでスキップ
--- Processing CID: smub073 ---
FAIL: DB に cid=smub073 がないのでスキップ
--- Processing CID: smuv011 ---
FAIL: DB に cid=smuv011 がないのでスキップ
--- Processing CID: urutora214 ---
FAIL: DB に cid=urutora214 がないのでスキップ
--- Processing CID: yss124 ---
FAIL: DB に cid=yss124 がないのでスキップ
--- Processing CID: bouz007 ---
FAIL: DB に cid=bouz007 がないのでスキップ
--- Processing CID: docs113 ---
FAIL: DB に cid=docs113 がないのでスキップ
--- Processing CID: hint0696 ---
FAIL: DB に cid=hint0696 がないのでスキップ
--- Processing CID: hmdnc880 ---
FAIL: DB に cid=hmdnc880 がないのでスキップ
--- Processing CID: lady538 ---
FAIL: DB に cid=lady538 がないのでスキップ
--- Processing CID: mrs0035 ---
FAIL: DB に cid=mrs0035 がないのでスキップ
--- Processing CID: pnme285 ---
FAIL: DB に cid=pnme285 がないのでスキップ
--- Processing CID: sima027 ---
FAIL: DB に cid=sima027 がないのでスキップ
--- Processing CID: skoi003 ---
FAIL: DB に cid=skoi003 がないのでスキップ
--- Processing CID: smgn001 ---
FAIL: DB に cid=smgn001 がないのでスキップ
--- Processing CID: smjk133 ---
FAIL: DB に cid=smjk133 がないのでスキップ
--- Processing CID: smjx132 ---
FAIL: DB に cid=smjx132 がないのでスキップ
--- Processing CID: smub073 ---
FAIL: DB に cid=smub073 がないのでスキップ
--- Processing CID: smuv011 ---
FAIL: DB に cid=smuv011 がないのでスキップ
--- Processing CID: urutora214 ---
FAIL: DB に cid=urutora214 がないのでスキップ
--- Processing CID: yss124 ---
FAIL: DB に cid=yss124 がないのでスキップ
--- Processing CID: bouz007 ---
FAIL: DB に cid=bouz007 がないのでスキップ
--- Processing CID: docs113 ---
FAIL: DB に cid=docs113 がないのでスキップ
--- Processing CID: hint0696 ---
FAIL: DB に cid=hint0696 がないのでスキップ
--- Processing CID: hmdnc880 ---
FAIL: DB に cid=hmdnc880 がないのでスキップ
--- Processing CID: lady538 ---
FAIL: DB に cid=lady538 がないのでスキップ
--- Processing CID: mrs0035 ---
FAIL: DB に cid=mrs0035 がないのでスキップ
--- Processing CID: pnme285 ---
FAIL: DB に cid=pnme285 がないのでスキップ
--- Processing CID: sima027 ---
FAIL: DB に cid=sima027 がないのでスキップ
--- Processing CID: skho200 ---
FAIL: DB に cid=skho200 がないのでスキップ
--- Processing CID: skoi003 ---
FAIL: DB に cid=skoi003 がないのでスキップ
--- Processing CID: smgn001 ---
FAIL: DB に cid=smgn001 がないのでスキップ
--- Processing CID: smjk133 ---
FAIL: DB に cid=smjk133 がないのでスキップ
--- Processing CID: smjx132 ---
FAIL: DB に cid=smjx132 がないのでスキップ
--- Processing CID: smub073 ---
FAIL: DB に cid=smub073 がないのでスキップ
--- Processing CID: smuv011 ---
FAIL: DB に cid=smuv011 がないのでスキップ
--- Processing CID: snp0002 ---
FAIL: DB に cid=snp0002 がないのでスキップ
--- Processing CID: urutora214 ---
FAIL: DB に cid=urutora214 がないのでスキップ
--- Processing CID: yss124 ---
FAIL: DB に cid=yss124 がないのでスキップ
--- Processing CID: bouz007 ---
FAIL: DB に cid=bouz007 がないのでスキップ
--- Processing CID: docs113 ---
FAIL: DB に cid=docs113 がないのでスキップ
--- Processing CID: hint0696 ---
FAIL: DB に cid=hint0696 がないのでスキップ
--- Processing CID: hmdnc880 ---
FAIL: DB に cid=hmdnc880 がないのでスキップ
--- Processing CID: lady538 ---
FAIL: DB に cid=lady538 がないのでスキップ
--- Processing CID: mrs0035 ---
FAIL: DB に cid=mrs0035 がないのでスキップ
--- Processing CID: pnme285 ---
FAIL: DB に cid=pnme285 がないのでスキップ
--- Processing CID: sima027 ---
FAIL: DB に cid=sima027 がないのでスキップ
--- Processing CID: skho200 ---
FAIL: DB に cid=skho200 がないのでスキップ
--- Processing CID: skoi003 ---
FAIL: DB に cid=skoi003 がないのでスキップ
--- Processing CID: smgn001 ---
FAIL: DB に cid=smgn001 がないのでスキップ
--- Processing CID: smjk133 ---
FAIL: DB に cid=smjk133 がないのでスキップ
--- Processing CID: smjx132 ---
FAIL: DB に cid=smjx132 がないのでスキップ
--- Processing CID: smub073 ---
FAIL: DB に cid=smub073 がないのでスキップ
--- Processing CID: smuv011 ---
FAIL: DB に cid=smuv011 がないのでスキップ
--- Processing CID: snp0002 ---
FAIL: DB に cid=snp0002 がないのでスキップ
--- Processing CID: urutora214 ---
FAIL: DB に cid=urutora214 がないのでスキップ
--- Processing CID: yss124 ---
FAIL: DB に cid=yss124 がないのでスキップ
--- Processing CID: bouz007 ---
FAIL: DB に cid=bouz007 がないのでスキップ
--- Processing CID: docs113 ---
FAIL: DB に cid=docs113 がないのでスキップ
--- Processing CID: hint0696 ---
FAIL: DB に cid=hint0696 がないのでスキップ
--- Processing CID: hmdnc880 ---
FAIL: DB に cid=hmdnc880 がないのでスキップ
--- Processing CID: lady538 ---
FAIL: DB に cid=lady538 がないのでスキップ
--- Processing CID: mrs0035 ---
FAIL: DB に cid=mrs0035 がないのでスキップ
--- Processing CID: pnme285 ---
FAIL: DB に cid=pnme285 がないのでスキップ
--- Processing CID: sima027 ---
FAIL: DB に cid=sima027 がないのでスキップ
--- Processing CID: skho200 ---
FAIL: DB に cid=skho200 がないのでスキップ
--- Processing CID: skoi003 ---
FAIL: DB に cid=skoi003 がないのでスキップ
--- Processing CID: smgn001 ---
FAIL: DB に cid=smgn001 がないのでスキップ
--- Processing CID: smjk133 ---
FAIL: DB に cid=smjk133 がないのでスキップ
--- Processing CID: smjx132 ---
FAIL: DB に cid=smjx132 がないのでスキップ
--- Processing CID: smub073 ---
FAIL: DB に cid=smub073 がないのでスキップ
--- Processing CID: smuv011 ---
FAIL: DB に cid=smuv011 がないのでスキップ
--- Processing CID: snp0002 ---
FAIL: DB に cid=snp0002 がないのでスキップ
--- Processing CID: urutora214 ---
FAIL: DB に cid=urutora214 がないのでスキップ
--- Processing CID: yss124 ---
FAIL: DB に cid=yss124 がないのでスキップ
--- Processing CID: bouz007 ---
FAIL: DB に cid=bouz007 がないのでスキップ
--- Processing CID: docs113 ---
FAIL: DB に cid=docs113 がないのでスキップ
--- Processing CID: hint0696 ---
FAIL: DB に cid=hint0696 がないのでスキップ
--- Processing CID: hmdnc880 ---
FAIL: DB に cid=hmdnc880 がないのでスキップ
--- Processing CID: lady538 ---
FAIL: DB に cid=lady538 がないのでスキップ
--- Processing CID: mrs0035 ---
FAIL: DB に cid=mrs0035 がないのでスキップ
--- Processing CID: pnme285 ---
FAIL: DB に cid=pnme285 がないのでスキップ
--- Processing CID: sima027 ---
FAIL: DB に cid=sima027 がないのでスキップ
--- Processing CID: skho200 ---
FAIL: DB に cid=skho200 がないのでスキップ
--- Processing CID: skoi003 ---
FAIL: DB に cid=skoi003 がないのでスキップ
--- Processing CID: smgn001 ---
FAIL: DB に cid=smgn001 がないのでスキップ
--- Processing CID: smjk133 ---
FAIL: DB に cid=smjk133 がないのでスキップ
--- Processing CID: smjx132 ---
FAIL: DB に cid=smjx132 がないのでスキップ
--- Processing CID: smub073 ---
FAIL: DB に cid=smub073 がないのでスキップ
--- Processing CID: smuv011 ---
FAIL: DB に cid=smuv011 がないのでスキップ
--- Processing CID: snp0002 ---
FAIL: DB に cid=snp0002 がないのでスキップ
--- Processing CID: urutora214 ---
FAIL: DB に cid=urutora214 がないのでスキップ
--- Processing CID: yss124 ---
FAIL: DB に cid=yss124 がないのでスキップ
--- Processing CID: bouz007 ---
FAIL: DB に cid=bouz007 がないのでスキップ
--- Processing CID: docs113 ---
FAIL: DB に cid=docs113 がないのでスキップ
--- Processing CID: hint0696 ---
FAIL: DB に cid=hint0696 がないのでスキップ
--- Processing CID: hmdnc880 ---
FAIL: DB に cid=hmdnc880 がないのでスキップ
--- Processing CID: lady538 ---
FAIL: DB に cid=lady538 がないのでスキップ
--- Processing CID: mrs0035 ---
FAIL: DB に cid=mrs0035 がないのでスキップ
--- Processing CID: pnme285 ---
FAIL: DB に cid=pnme285 がないのでスキップ
--- Processing CID: sima027 ---
FAIL: DB に cid=sima027 がないのでスキップ
--- Processing CID: skho200 ---
FAIL: DB に cid=skho200 がないのでスキップ
--- Processing CID: skoi003 ---
FAIL: DB に cid=skoi003 がないのでスキップ
--- Processing CID: smgn001 ---
FAIL: DB に cid=smgn001 がないのでスキップ
--- Processing CID: smjk133 ---
FAIL: DB に cid=smjk133 がないのでスキップ
--- Processing CID: smjx132 ---
FAIL: DB に cid=smjx132 がないのでスキップ
--- Processing CID: smub073 ---
FAIL: DB に cid=smub073 がないのでスキップ
--- Processing CID: smuv011 ---
FAIL: DB に cid=smuv011 がないのでスキップ
--- Processing CID: snp0002 ---
FAIL: DB に cid=snp0002 がないのでスキップ
--- Processing CID: syuk014 ---
FAIL: DB に cid=syuk014 がないのでスキップ
--- Processing CID: urutora214 ---
FAIL: DB に cid=urutora214 がないのでスキップ
--- Processing CID: yss124 ---
FAIL: DB に cid=yss124 がないのでスキップ
--- Processing CID: bouz007 ---
FAIL: DB に cid=bouz007 がないのでスキップ
--- Processing CID: docs113 ---
FAIL: DB に cid=docs113 がないのでスキップ
--- Processing CID: hint0696 ---
FAIL: DB に cid=hint0696 がないのでスキップ
--- Processing CID: hmdnc880 ---
FAIL: DB に cid=hmdnc880 がないのでスキップ
--- Processing CID: lady538 ---
FAIL: DB に cid=lady538 がないのでスキップ
--- Processing CID: mfcs187 ---
FAIL: DB に cid=mfcs187 がないのでスキップ
--- Processing CID: mrs0035 ---
FAIL: DB に cid=mrs0035 がないのでスキップ
--- Processing CID: pnme285 ---
FAIL: DB に cid=pnme285 がないのでスキップ
--- Processing CID: sima027 ---
FAIL: DB に cid=sima027 がないのでスキップ
--- Processing CID: skho200 ---
FAIL: DB に cid=skho200 がないのでスキップ
--- Processing CID: skoi003 ---
FAIL: DB に cid=skoi003 がないのでスキップ
--- Processing CID: smgn001 ---
FAIL: DB に cid=smgn001 がないのでスキップ
--- Processing CID: smjk133 ---
FAIL: DB に cid=smjk133 がないのでスキップ
--- Processing CID: smjs216 ---
FAIL: DB に cid=smjs216 がないのでスキップ
--- Processing CID: smjx132 ---
FAIL: DB に cid=smjx132 がないのでスキップ
--- Processing CID: smub073 ---
FAIL: DB に cid=smub073 がないのでスキップ
--- Processing CID: smuv011 ---
FAIL: DB に cid=smuv011 がないのでスキップ
--- Processing CID: snp0002 ---
FAIL: DB に cid=snp0002 がないのでスキップ
--- Processing CID: syuk014 ---
FAIL: DB に cid=syuk014 がないのでスキップ
--- Processing CID: urutora214 ---
FAIL: DB に cid=urutora214 がないのでスキップ
--- Processing CID: yss124 ---
FAIL: DB に cid=yss124 がないのでスキップ
--- Processing CID: bouz007 ---
FAIL: DB に cid=bouz007 がないのでスキップ
--- Processing CID: docs113 ---
FAIL: DB に cid=docs113 がないのでスキップ
--- Processing CID: hint0696 ---
FAIL: DB に cid=hint0696 がないのでスキップ
--- Processing CID: hmdnc880 ---
FAIL: DB に cid=hmdnc880 がないのでスキップ
--- Processing CID: lady538 ---
FAIL: DB に cid=lady538 がないのでスキップ
--- Processing CID: mfcs187 ---
FAIL: DB に cid=mfcs187 がないのでスキップ
--- Processing CID: mrs0035 ---
FAIL: DB に cid=mrs0035 がないのでスキップ
--- Processing CID: pnme285 ---
FAIL: DB に cid=pnme285 がないのでスキップ
--- Processing CID: sima027 ---
FAIL: DB に cid=sima027 がないのでスキップ
--- Processing CID: skho200 ---
FAIL: DB に cid=skho200 がないのでスキップ
--- Processing CID: skoi003 ---
FAIL: DB に cid=skoi003 がないのでスキップ
--- Processing CID: smgn001 ---
FAIL: DB に cid=smgn001 がないのでスキップ
--- Processing CID: smjk133 ---
FAIL: DB に cid=smjk133 がないのでスキップ
--- Processing CID: smjs216 ---
FAIL: DB に cid=smjs216 がないのでスキップ
--- Processing CID: smjx101 ---
FAIL: DB に cid=smjx101 がないのでスキップ
--- Processing CID: smjx132 ---
FAIL: DB に cid=smjx132 がないのでスキップ
--- Processing CID: smub073 ---
FAIL: DB に cid=smub073 がないのでスキップ
--- Processing CID: smuv011 ---
FAIL: DB に cid=smuv011 がないのでスキップ
--- Processing CID: snp0002 ---
FAIL: DB に cid=snp0002 がないのでスキップ
--- Processing CID: syuk014 ---
FAIL: DB に cid=syuk014 がないのでスキップ
--- Processing CID: urutora214 ---
FAIL: DB に cid=urutora214 がないのでスキップ
--- Processing CID: yss124 ---
FAIL: DB に cid=yss124 がないのでスキップ
--- Processing CID: bouz007 ---
FAIL: DB に cid=bouz007 がないのでスキップ
--- Processing CID: docs113 ---
FAIL: DB に cid=docs113 がないのでスキップ
--- Processing CID: hint0696 ---
FAIL: DB に cid=hint0696 がないのでスキップ
--- Processing CID: hmdnc880 ---
FAIL: DB に cid=hmdnc880 がないのでスキップ
--- Processing CID: lady538 ---
FAIL: DB に cid=lady538 がないのでスキップ
--- Processing CID: mfcs187 ---
FAIL: DB に cid=mfcs187 がないのでスキップ
--- Processing CID: mrs0035 ---
FAIL: DB に cid=mrs0035 がないのでスキップ
--- Processing CID: pnme285 ---
FAIL: DB に cid=pnme285 がないのでスキップ
--- Processing CID: sima027 ---
FAIL: DB に cid=sima027 がないのでスキップ
--- Processing CID: skho200 ---
FAIL: DB に cid=skho200 がないのでスキップ
--- Processing CID: skoi003 ---
FAIL: DB に cid=skoi003 がないのでスキップ
--- Processing CID: smgn001 ---
FAIL: DB に cid=smgn001 がないのでスキップ
--- Processing CID: smjk133 ---
FAIL: DB に cid=smjk133 がないのでスキップ
--- Processing CID: smjp065 ---
FAIL: DB に cid=smjp065 がないのでスキップ
--- Processing CID: smjs216 ---
FAIL: DB に cid=smjs216 がないのでスキップ
--- Processing CID: smjx101 ---
FAIL: DB に cid=smjx101 がないのでスキップ
--- Processing CID: smjx132 ---
FAIL: DB に cid=smjx132 がないのでスキップ
--- Processing CID: smub073 ---
FAIL: DB に cid=smub073 がないのでスキップ
--- Processing CID: smuv011 ---
FAIL: DB に cid=smuv011 がないのでスキップ
--- Processing CID: snp0002 ---
FAIL: DB に cid=snp0002 がないのでスキップ
--- Processing CID: syuk014 ---
FAIL: DB に cid=syuk014 がないのでスキップ
--- Processing CID: urutora214 ---
FAIL: DB に cid=urutora214 がないのでスキップ
--- Processing CID: yss124 ---
FAIL: DB に cid=yss124 がないのでスキップ
--- Processing CID: bouz007 ---
FAIL: DB に cid=bouz007 がないのでスキップ
--- Processing CID: docs113 ---
FAIL: DB に cid=docs113 がないのでスキップ
--- Processing CID: hint0696 ---
FAIL: DB に cid=hint0696 がないのでスキップ
--- Processing CID: hmdnc880 ---
FAIL: DB に cid=hmdnc880 がないのでスキップ
--- Processing CID: lady538 ---
FAIL: DB に cid=lady538 がないのでスキップ
--- Processing CID: mfcs187 ---
FAIL: DB に cid=mfcs187 がないのでスキップ
--- Processing CID: mrs0035 ---
FAIL: DB に cid=mrs0035 がないのでスキップ
--- Processing CID: orecz345 ---
FAIL: DB に cid=orecz345 がないのでスキップ
--- Processing CID: pnme285 ---
FAIL: DB に cid=pnme285 がないのでスキップ
--- Processing CID: sima027 ---
FAIL: DB に cid=sima027 がないのでスキップ
--- Processing CID: skho200 ---
FAIL: DB に cid=skho200 がないのでスキップ
--- Processing CID: skoi003 ---
FAIL: DB に cid=skoi003 がないのでスキップ
--- Processing CID: smgn001 ---
FAIL: DB に cid=smgn001 がないのでスキップ
--- Processing CID: smjk133 ---
FAIL: DB に cid=smjk133 がないのでスキップ
--- Processing CID: smjp065 ---
FAIL: DB に cid=smjp065 がないのでスキップ
--- Processing CID: smjs216 ---
FAIL: DB に cid=smjs216 がないのでスキップ
--- Processing CID: smjx101 ---
FAIL: DB に cid=smjx101 がないのでスキップ
--- Processing CID: smjx132 ---
FAIL: DB に cid=smjx132 がないのでスキップ
--- Processing CID: smub073 ---
FAIL: DB に cid=smub073 がないのでスキップ
--- Processing CID: smuv011 ---
FAIL: DB に cid=smuv011 がないのでスキップ
--- Processing CID: snp0002 ---
FAIL: DB に cid=snp0002 がないのでスキップ
--- Processing CID: syuk014 ---
FAIL: DB に cid=syuk014 がないのでスキップ
--- Processing CID: urutora214 ---
FAIL: DB に cid=urutora214 がないのでスキップ
--- Processing CID: yss124 ---
FAIL: DB に cid=yss124 がないのでスキップ
--- Processing CID: bouz007 ---
FAIL: DB に cid=bouz007 がないのでスキップ
--- Processing CID: docs113 ---
FAIL: DB に cid=docs113 がないのでスキップ
--- Processing CID: hint0696 ---
FAIL: DB に cid=hint0696 がないのでスキップ
--- Processing CID: hmdnc880 ---
FAIL: DB に cid=hmdnc880 がないのでスキップ
--- Processing CID: instc661 ---
FAIL: DB に cid=instc661 がないのでスキップ
--- Processing CID: lady538 ---
FAIL: DB に cid=lady538 がないのでスキップ
--- Processing CID: mfcs187 ---
FAIL: DB に cid=mfcs187 がないのでスキップ
--- Processing CID: mrs0035 ---
FAIL: DB に cid=mrs0035 がないのでスキップ
--- Processing CID: orecz345 ---
FAIL: DB に cid=orecz345 がないのでスキップ
--- Processing CID: pnme285 ---
FAIL: DB に cid=pnme285 がないのでスキップ
--- Processing CID: sima027 ---
FAIL: DB に cid=sima027 がないのでスキップ
--- Processing CID: skho200 ---
FAIL: DB に cid=skho200 がないのでスキップ
--- Processing CID: skoi003 ---
FAIL: DB に cid=skoi003 がないのでスキップ
--- Processing CID: smgn001 ---
FAIL: DB に cid=smgn001 がないのでスキップ
--- Processing CID: smjk133 ---
FAIL: DB に cid=smjk133 がないのでスキップ
--- Processing CID: smjp065 ---
FAIL: DB に cid=smjp065 がないのでスキップ
--- Processing CID: smjs216 ---
FAIL: DB に cid=smjs216 がないのでスキップ
--- Processing CID: smjx101 ---
FAIL: DB に cid=smjx101 がないのでスキップ
--- Processing CID: smjx132 ---
FAIL: DB に cid=smjx132 がないのでスキップ
--- Processing CID: smub073 ---
FAIL: DB に cid=smub073 がないのでスキップ
--- Processing CID: smuv011 ---
FAIL: DB に cid=smuv011 がないのでスキップ
--- Processing CID: snp0002 ---
FAIL: DB に cid=snp0002 がないのでスキップ
--- Processing CID: syuk014 ---
FAIL: DB に cid=syuk014 がないのでスキップ
--- Processing CID: urutora214 ---
FAIL: DB に cid=urutora214 がないのでスキップ
--- Processing CID: yss124 ---
FAIL: DB に cid=yss124 がないのでスキップ
--- Processing CID: bouz007 ---
FAIL: DB に cid=bouz007 がないのでスキップ
--- Processing CID: docs113 ---
FAIL: DB に cid=docs113 がないのでスキップ
--- Processing CID: habj084 ---
FAIL: DB に cid=habj084 がないのでスキップ
--- Processing CID: hint0696 ---
FAIL: DB に cid=hint0696 がないのでスキップ
--- Processing CID: hmdnc880 ---
FAIL: DB に cid=hmdnc880 がないのでスキップ
--- Processing CID: instc661 ---
FAIL: DB に cid=instc661 がないのでスキップ
--- Processing CID: lady538 ---
FAIL: DB に cid=lady538 がないのでスキップ
--- Processing CID: mfcs187 ---
FAIL: DB に cid=mfcs187 がないのでスキップ
--- Processing CID: mrs0035 ---
FAIL: DB に cid=mrs0035 がないのでスキップ
--- Processing CID: orecz345 ---
FAIL: DB に cid=orecz345 がないのでスキップ
--- Processing CID: pnme285 ---
FAIL: DB に cid=pnme285 がないのでスキップ
--- Processing CID: sima027 ---
FAIL: DB に cid=sima027 がないのでスキップ
--- Processing CID: skho200 ---
FAIL: DB に cid=skho200 がないのでスキップ
--- Processing CID: skoi003 ---
FAIL: DB に cid=skoi003 がないのでスキップ
--- Processing CID: smgn001 ---
FAIL: DB に cid=smgn001 がないのでスキップ
--- Processing CID: smjk133 ---
FAIL: DB に cid=smjk133 がないのでスキップ
--- Processing CID: smjp065 ---
FAIL: DB に cid=smjp065 がないのでスキップ
--- Processing CID: smjs216 ---
FAIL: DB に cid=smjs216 がないのでスキップ
--- Processing CID: smjx101 ---
FAIL: DB に cid=smjx101 がないのでスキップ
--- Processing CID: smjx132 ---
FAIL: DB に cid=smjx132 がないのでスキップ
--- Processing CID: smub073 ---
FAIL: DB に cid=smub073 がないのでスキップ
--- Processing CID: smuv011 ---
FAIL: DB に cid=smuv011 がないのでスキップ
--- Processing CID: snp0002 ---
FAIL: DB に cid=snp0002 がないのでスキップ
--- Processing CID: syuk014 ---
FAIL: DB に cid=syuk014 がないのでスキップ
--- Processing CID: urutora214 ---
FAIL: DB に cid=urutora214 がないのでスキップ
--- Processing CID: yss124 ---
FAIL: DB に cid=yss124 がないのでスキップ
--- Processing CID: bouz007 ---
FAIL: DB に cid=bouz007 がないのでスキップ
--- Processing CID: docs113 ---
FAIL: DB に cid=docs113 がないのでスキップ
--- Processing CID: ends257 ---
FAIL: DB に cid=ends257 がないのでスキップ
--- Processing CID: habj084 ---
FAIL: DB に cid=habj084 がないのでスキップ
--- Processing CID: hint0696 ---
FAIL: DB に cid=hint0696 がないのでスキップ
--- Processing CID: hmdnc880 ---
FAIL: DB に cid=hmdnc880 がないのでスキップ
--- Processing CID: instc661 ---
FAIL: DB に cid=instc661 がないのでスキップ
--- Processing CID: lady538 ---
FAIL: DB に cid=lady538 がないのでスキップ
--- Processing CID: mfcs187 ---
FAIL: DB に cid=mfcs187 がないのでスキップ
--- Processing CID: mrs0035 ---
FAIL: DB に cid=mrs0035 がないのでスキップ
--- Processing CID: orecz345 ---
FAIL: DB に cid=orecz345 がないのでスキップ
--- Processing CID: pnme285 ---
FAIL: DB に cid=pnme285 がないのでスキップ
--- Processing CID: sima027 ---
FAIL: DB に cid=sima027 がないのでスキップ
--- Processing CID: skho200 ---
FAIL: DB に cid=skho200 がないのでスキップ
--- Processing CID: skoi003 ---
FAIL: DB に cid=skoi003 がないのでスキップ
--- Processing CID: smgn001 ---
FAIL: DB に cid=smgn001 がないのでスキップ
--- Processing CID: smjk133 ---
FAIL: DB に cid=smjk133 がないのでスキップ
--- Processing CID: smjp065 ---
FAIL: DB に cid=smjp065 がないのでスキップ
--- Processing CID: smjs216 ---
FAIL: DB に cid=smjs216 がないのでスキップ
--- Processing CID: smjx101 ---
FAIL: DB に cid=smjx101 がないのでスキップ
--- Processing CID: smjx132 ---
FAIL: DB に cid=smjx132 がないのでスキップ
--- Processing CID: smub073 ---
FAIL: DB に cid=smub073 がないのでスキップ
--- Processing CID: smuv011 ---
FAIL: DB に cid=smuv011 がないのでスキップ
--- Processing CID: snp0002 ---
FAIL: DB に cid=snp0002 がないのでスキップ
--- Processing CID: syuk014 ---
FAIL: DB に cid=syuk014 がないのでスキップ
--- Processing CID: urutora214 ---
FAIL: DB に cid=urutora214 がないのでスキップ
--- Processing CID: yss124 ---
FAIL: DB に cid=yss124 がないのでスキップ
--- Processing CID: bouz007 ---
FAIL: DB に cid=bouz007 がないのでスキップ
--- Processing CID: docs113 ---
FAIL: DB に cid=docs113 がないのでスキップ
--- Processing CID: ends257 ---
FAIL: DB に cid=ends257 がないのでスキップ
--- Processing CID: habj084 ---
FAIL: DB に cid=habj084 がないのでスキップ
--- Processing CID: hint0696 ---
FAIL: DB に cid=hint0696 がないのでスキップ
--- Processing CID: hmdnc880 ---
FAIL: DB に cid=hmdnc880 がないのでスキップ
--- Processing CID: instc661 ---
FAIL: DB に cid=instc661 がないのでスキップ
--- Processing CID: lady538 ---
FAIL: DB に cid=lady538 がないのでスキップ
--- Processing CID: mfc350 ---
FAIL: DB に cid=mfc350 がないのでスキップ
--- Processing CID: mfcs187 ---
FAIL: DB に cid=mfcs187 がないのでスキップ
--- Processing CID: mrs0035 ---
FAIL: DB に cid=mrs0035 がないのでスキップ
--- Processing CID: orecz345 ---
FAIL: DB に cid=orecz345 がないのでスキップ
--- Processing CID: pnme285 ---
FAIL: DB に cid=pnme285 がないのでスキップ
--- Processing CID: sima027 ---
FAIL: DB に cid=sima027 がないのでスキップ
--- Processing CID: skho200 ---
FAIL: DB に cid=skho200 がないのでスキップ
--- Processing CID: skoi003 ---
FAIL: DB に cid=skoi003 がないのでスキップ
--- Processing CID: smgn001 ---
FAIL: DB に cid=smgn001 がないのでスキップ
--- Processing CID: smjk133 ---
FAIL: DB に cid=smjk133 がないのでスキップ
--- Processing CID: smjp065 ---
FAIL: DB に cid=smjp065 がないのでスキップ
--- Processing CID: smjs216 ---
FAIL: DB に cid=smjs216 がないのでスキップ
--- Processing CID: smjx101 ---
FAIL: DB に cid=smjx101 がないのでスキップ
--- Processing CID: smjx132 ---
FAIL: DB に cid=smjx132 がないのでスキップ
--- Processing CID: smub073 ---
FAIL: DB に cid=smub073 がないのでスキップ
--- Processing CID: smuv011 ---
FAIL: DB に cid=smuv011 がないのでスキップ
--- Processing CID: snp0002 ---
FAIL: DB に cid=snp0002 がないのでスキップ
--- Processing CID: syuk014 ---
FAIL: DB に cid=syuk014 がないのでスキップ
--- Processing CID: urutora214 ---
FAIL: DB に cid=urutora214 がないのでスキップ
--- Processing CID: yss124 ---
FAIL: DB に cid=yss124 がないのでスキップ
--- Processing CID: bouz007 ---
FAIL: DB に cid=bouz007 がないのでスキップ
--- Processing CID: docs113 ---
FAIL: DB に cid=docs113 がないのでスキップ
--- Processing CID: ends257 ---
FAIL: DB に cid=ends257 がないのでスキップ
--- Processing CID: habj084 ---
FAIL: DB に cid=habj084 がないのでスキップ
--- Processing CID: hint0696 ---
FAIL: DB に cid=hint0696 がないのでスキップ
--- Processing CID: hmdnc880 ---
FAIL: DB に cid=hmdnc880 がないのでスキップ
--- Processing CID: instc661 ---
FAIL: DB に cid=instc661 がないのでスキップ
--- Processing CID: lady538 ---
FAIL: DB に cid=lady538 がないのでスキップ
--- Processing CID: mfc350 ---
FAIL: DB に cid=mfc350 がないのでスキップ
--- Processing CID: mfcs187 ---
FAIL: DB に cid=mfcs187 がないのでスキップ
--- Processing CID: mrs0035 ---
FAIL: DB に cid=mrs0035 がないのでスキップ
--- Processing CID: orecz345 ---
FAIL: DB に cid=orecz345 がないのでスキップ
--- Processing CID: pnme285 ---
FAIL: DB に cid=pnme285 がないのでスキップ
--- Processing CID: sima027 ---
FAIL: DB に cid=sima027 がないのでスキップ
--- Processing CID: skho200 ---
FAIL: DB に cid=skho200 がないのでスキップ
--- Processing CID: skoi003 ---
FAIL: DB に cid=skoi003 がないのでスキップ
--- Processing CID: smgn001 ---
FAIL: DB に cid=smgn001 がないのでスキップ
--- Processing CID: smjk133 ---
FAIL: DB に cid=smjk133 がないのでスキップ
--- Processing CID: smjp065 ---
FAIL: DB に cid=smjp065 がないのでスキップ
--- Processing CID: smjs216 ---
FAIL: DB に cid=smjs216 がないのでスキップ
--- Processing CID: smjx101 ---
FAIL: DB に cid=smjx101 がないのでスキップ
--- Processing CID: smjx132 ---
FAIL: DB に cid=smjx132 がないのでスキップ
--- Processing CID: smub073 ---
FAIL: DB に cid=smub073 がないのでスキップ
--- Processing CID: smuv011 ---
FAIL: DB に cid=smuv011 がないのでスキップ
--- Processing CID: snp0002 ---
FAIL: DB に cid=snp0002 がないのでスキップ
--- Processing CID: syuk014 ---
FAIL: DB に cid=syuk014 がないのでスキップ
--- Processing CID: urutora214 ---
FAIL: DB に cid=urutora214 がないのでスキップ
--- Processing CID: yss124 ---
FAIL: DB に cid=yss124 がないのでスキップ
--- Processing CID: bouz007 ---
FAIL: DB に cid=bouz007 がないのでスキップ
--- Processing CID: docs113 ---
FAIL: DB に cid=docs113 がないのでスキップ
--- Processing CID: ends257 ---
FAIL: DB に cid=ends257 がないのでスキップ
--- Processing CID: habj084 ---
FAIL: DB に cid=habj084 がないのでスキップ
--- Processing CID: hint0696 ---
FAIL: DB に cid=hint0696 がないのでスキップ
--- Processing CID: hmdnc880 ---
FAIL: DB に cid=hmdnc880 がないのでスキップ
--- Processing CID: instc661 ---
FAIL: DB に cid=instc661 がないのでスキップ
--- Processing CID: lady538 ---
FAIL: DB に cid=lady538 がないのでスキップ
--- Processing CID: mfc350 ---
FAIL: DB に cid=mfc350 がないのでスキップ
--- Processing CID: mfcs187 ---
FAIL: DB に cid=mfcs187 がないのでスキップ
--- Processing CID: mgsod023 ---
FAIL: DB に cid=mgsod023 がないのでスキップ
--- Processing CID: mrs0035 ---
FAIL: DB に cid=mrs0035 がないのでスキップ
--- Processing CID: orecz345 ---
FAIL: DB に cid=orecz345 がないのでスキップ
--- Processing CID: pnme285 ---
FAIL: DB に cid=pnme285 がないのでスキップ
--- Processing CID: sima027 ---
FAIL: DB に cid=sima027 がないのでスキップ
--- Processing CID: skho200 ---
FAIL: DB に cid=skho200 がないのでスキップ
--- Processing CID: skoi003 ---
FAIL: DB に cid=skoi003 がないのでスキップ
--- Processing CID: smgn001 ---
FAIL: DB に cid=smgn001 がないのでスキップ
--- Processing CID: smjk133 ---
FAIL: DB に cid=smjk133 がないのでスキップ
--- Processing CID: smjp065 ---
FAIL: DB に cid=smjp065 がないのでスキップ
--- Processing CID: smjs208 ---
FAIL: DB に cid=smjs208 がないのでスキップ
--- Processing CID: smjs216 ---
FAIL: DB に cid=smjs216 がないのでスキップ
--- Processing CID: smjx101 ---
FAIL: DB に cid=smjx101 がないのでスキップ
--- Processing CID: smjx132 ---
FAIL: DB に cid=smjx132 がないのでスキップ
--- Processing CID: smub073 ---
FAIL: DB に cid=smub073 がないのでスキップ
--- Processing CID: smuv011 ---
FAIL: DB に cid=smuv011 がないのでスキップ
--- Processing CID: snp0002 ---
FAIL: DB に cid=snp0002 がないのでスキップ
--- Processing CID: syuk014 ---
FAIL: DB に cid=syuk014 がないのでスキップ
--- Processing CID: urutora214 ---
FAIL: DB に cid=urutora214 がないのでスキップ
--- Processing CID: yss124 ---
FAIL: DB に cid=yss124 がないのでスキップ
--- Processing CID: bouz007 ---
FAIL: DB に cid=bouz007 がないのでスキップ
--- Processing CID: docs113 ---
FAIL: DB に cid=docs113 がないのでスキップ
--- Processing CID: ends257 ---
FAIL: DB に cid=ends257 がないのでスキップ
--- Processing CID: habj084 ---
FAIL: DB に cid=habj084 がないのでスキップ
--- Processing CID: hint0696 ---
FAIL: DB に cid=hint0696 がないのでスキップ
--- Processing CID: hmdnc880 ---
FAIL: DB に cid=hmdnc880 がないのでスキップ
--- Processing CID: instc661 ---
FAIL: DB に cid=instc661 がないのでスキップ
--- Processing CID: lady538 ---
FAIL: DB に cid=lady538 がないのでスキップ
--- Processing CID: mfc350 ---
FAIL: DB に cid=mfc350 がないのでスキップ
--- Processing CID: mfcs187 ---
FAIL: DB に cid=mfcs187 がないのでスキップ
--- Processing CID: mgsod023 ---
FAIL: DB に cid=mgsod023 がないのでスキップ
--- Processing CID: mrs0035 ---
FAIL: DB に cid=mrs0035 がないのでスキップ
--- Processing CID: orecz345 ---
FAIL: DB に cid=orecz345 がないのでスキップ
--- Processing CID: pnme285 ---
FAIL: DB に cid=pnme285 がないのでスキップ
--- Processing CID: sima027 ---
FAIL: DB に cid=sima027 がないのでスキップ
--- Processing CID: skho200 ---
FAIL: DB に cid=skho200 がないのでスキップ
--- Processing CID: skoi003 ---
FAIL: DB に cid=skoi003 がないのでスキップ
--- Processing CID: smgn001 ---
FAIL: DB に cid=smgn001 がないのでスキップ
--- Processing CID: smjk133 ---
FAIL: DB に cid=smjk133 がないのでスキップ
--- Processing CID: smjp065 ---
FAIL: DB に cid=smjp065 がないのでスキップ
--- Processing CID: smjs208 ---
FAIL: DB に cid=smjs208 がないのでスキップ
--- Processing CID: smjs216 ---
FAIL: DB に cid=smjs216 がないのでスキップ
--- Processing CID: smjx101 ---
FAIL: DB に cid=smjx101 がないのでスキップ
--- Processing CID: smjx132 ---
FAIL: DB に cid=smjx132 がないのでスキップ
--- Processing CID: smub073 ---
FAIL: DB に cid=smub073 がないのでスキップ
--- Processing CID: smuv011 ---
FAIL: DB に cid=smuv011 がないのでスキップ
--- Processing CID: snp0002 ---
FAIL: DB に cid=snp0002 がないのでスキップ
--- Processing CID: syuk014 ---
FAIL: DB に cid=syuk014 がないのでスキップ
--- Processing CID: tkk075 ---
FAIL: DB に cid=tkk075 がないのでスキップ
--- Processing CID: urutora214 ---
FAIL: DB に cid=urutora214 がないのでスキップ
--- Processing CID: yss124 ---
FAIL: DB に cid=yss124 がないのでスキップ
--- Processing CID: bouz007 ---
FAIL: DB に cid=bouz007 がないのでスキップ
--- Processing CID: docs113 ---
FAIL: DB に cid=docs113 がないのでスキップ
--- Processing CID: ends257 ---
FAIL: DB に cid=ends257 がないのでスキップ
--- Processing CID: habj084 ---
FAIL: DB に cid=habj084 がないのでスキップ
--- Processing CID: hint0696 ---
FAIL: DB に cid=hint0696 がないのでスキップ
--- Processing CID: hmdnc880 ---
FAIL: DB に cid=hmdnc880 がないのでスキップ
--- Processing CID: instc661 ---
FAIL: DB に cid=instc661 がないのでスキップ
--- Processing CID: lady538 ---
FAIL: DB に cid=lady538 がないのでスキップ
--- Processing CID: mfc350 ---
FAIL: DB に cid=mfc350 がないのでスキップ
--- Processing CID: mfcs187 ---
FAIL: DB に cid=mfcs187 がないのでスキップ
--- Processing CID: mgsod023 ---
FAIL: DB に cid=mgsod023 がないのでスキップ
--- Processing CID: mrs0035 ---
FAIL: DB に cid=mrs0035 がないのでスキップ
--- Processing CID: orecz345 ---
FAIL: DB に cid=orecz345 がないのでスキップ
--- Processing CID: pnme285 ---
FAIL: DB に cid=pnme285 がないのでスキップ
--- Processing CID: sima027 ---
FAIL: DB に cid=sima027 がないのでスキップ
--- Processing CID: skho200 ---
FAIL: DB に cid=skho200 がないのでスキップ
--- Processing CID: skoi003 ---
FAIL: DB に cid=skoi003 がないのでスキップ
--- Processing CID: smgn001 ---
FAIL: DB に cid=smgn001 がないのでスキップ
--- Processing CID: smjk133 ---
FAIL: DB に cid=smjk133 がないのでスキップ
--- Processing CID: smjp065 ---
FAIL: DB に cid=smjp065 がないのでスキップ
--- Processing CID: smjs208 ---
FAIL: DB に cid=smjs208 がないのでスキップ
--- Processing CID: smjs216 ---
FAIL: DB に cid=smjs216 がないのでスキップ
--- Processing CID: smjx101 ---
FAIL: DB に cid=smjx101 がないのでスキップ
--- Processing CID: smjx132 ---
FAIL: DB に cid=smjx132 がないのでスキップ
--- Processing CID: smub073 ---
FAIL: DB に cid=smub073 がないのでスキップ
--- Processing CID: smuv011 ---
FAIL: DB に cid=smuv011 がないのでスキップ
--- Processing CID: snp0002 ---
FAIL: DB に cid=snp0002 がないのでスキップ
--- Processing CID: syuk014 ---
FAIL: DB に cid=syuk014 がないのでスキップ
--- Processing CID: tkk075 ---
FAIL: DB に cid=tkk075 がないのでスキップ
--- Processing CID: urutora214 ---
FAIL: DB に cid=urutora214 がないのでスキップ
--- Processing CID: yss124 ---
FAIL: DB に cid=yss124 がないのでスキップ
--- Processing CID: bouz007 ---
FAIL: DB に cid=bouz007 がないのでスキップ
--- Processing CID: dam063 ---
FAIL: DB に cid=dam063 がないのでスキップ
--- Processing CID: docs113 ---
FAIL: DB に cid=docs113 がないのでスキップ
--- Processing CID: ends257 ---
FAIL: DB に cid=ends257 がないのでスキップ
--- Processing CID: habj084 ---
FAIL: DB に cid=habj084 がないのでスキップ
--- Processing CID: hint0696 ---
FAIL: DB に cid=hint0696 がないのでスキップ
--- Processing CID: hmdnc880 ---
FAIL: DB に cid=hmdnc880 がないのでスキップ
--- Processing CID: instc661 ---
FAIL: DB に cid=instc661 がないのでスキップ
--- Processing CID: lady538 ---
FAIL: DB に cid=lady538 がないのでスキップ
--- Processing CID: mfc350 ---
FAIL: DB に cid=mfc350 がないのでスキップ
--- Processing CID: mfcs187 ---
FAIL: DB に cid=mfcs187 がないのでスキップ
--- Processing CID: mgsod023 ---
FAIL: DB に cid=mgsod023 がないのでスキップ
--- Processing CID: mrs0035 ---
FAIL: DB に cid=mrs0035 がないのでスキップ
--- Processing CID: orecz345 ---
FAIL: DB に cid=orecz345 がないのでスキップ
--- Processing CID: pai171 ---
FAIL: DB に cid=pai171 がないのでスキップ
--- Processing CID: pnme285 ---
FAIL: DB に cid=pnme285 がないのでスキップ
--- Processing CID: sima027 ---
FAIL: DB に cid=sima027 がないのでスキップ
--- Processing CID: skho200 ---
FAIL: DB に cid=skho200 がないのでスキップ
--- Processing CID: skoi003 ---
FAIL: DB に cid=skoi003 がないのでスキップ
--- Processing CID: smgn001 ---
FAIL: DB に cid=smgn001 がないのでスキップ
--- Processing CID: smjk133 ---
FAIL: DB に cid=smjk133 がないのでスキップ
--- Processing CID: smjp065 ---
FAIL: DB に cid=smjp065 がないのでスキップ
--- Processing CID: smjs208 ---
FAIL: DB に cid=smjs208 がないのでスキップ
--- Processing CID: smjs216 ---
FAIL: DB に cid=smjs216 がないのでスキップ
--- Processing CID: smjx101 ---
FAIL: DB に cid=smjx101 がないのでスキップ
--- Processing CID: smjx132 ---
FAIL: DB に cid=smjx132 がないのでスキップ
--- Processing CID: smub073 ---
FAIL: DB に cid=smub073 がないのでスキップ
--- Processing CID: smuv011 ---
FAIL: DB に cid=smuv011 がないのでスキップ
--- Processing CID: snp0002 ---
FAIL: DB に cid=snp0002 がないのでスキップ
--- Processing CID: syuk014 ---
FAIL: DB に cid=syuk014 がないのでスキップ
--- Processing CID: tkk075 ---
FAIL: DB に cid=tkk075 がないのでスキップ
--- Processing CID: urutora214 ---
FAIL: DB に cid=urutora214 がないのでスキップ
--- Processing CID: yss124 ---
FAIL: DB に cid=yss124 がないのでスキップ
--- Processing CID: bouz007 ---
FAIL: DB に cid=bouz007 がないのでスキップ
--- Processing CID: dam063 ---
FAIL: DB に cid=dam063 がないのでスキップ
--- Processing CID: docs113 ---
FAIL: DB に cid=docs113 がないのでスキップ
--- Processing CID: ends257 ---
FAIL: DB に cid=ends257 がないのでスキップ
--- Processing CID: habj084 ---
FAIL: DB に cid=habj084 がないのでスキップ
--- Processing CID: hint0696 ---
FAIL: DB に cid=hint0696 がないのでスキップ
--- Processing CID: hmdnc880 ---
FAIL: DB に cid=hmdnc880 がないのでスキップ
--- Processing CID: instc661 ---
FAIL: DB に cid=instc661 がないのでスキップ
--- Processing CID: lady538 ---
FAIL: DB に cid=lady538 がないのでスキップ
--- Processing CID: mfc350 ---
FAIL: DB に cid=mfc350 がないのでスキップ
--- Processing CID: mfcs187 ---
FAIL: DB に cid=mfcs187 がないのでスキップ
--- Processing CID: mgsod023 ---
FAIL: DB に cid=mgsod023 がないのでスキップ
--- Processing CID: mrs0035 ---
FAIL: DB に cid=mrs0035 がないのでスキップ
--- Processing CID: msodn020 ---
FAIL: DB に cid=msodn020 がないのでスキップ
--- Processing CID: orecz345 ---
FAIL: DB に cid=orecz345 がないのでスキップ
--- Processing CID: pai171 ---
FAIL: DB に cid=pai171 がないのでスキップ
--- Processing CID: pnme285 ---
FAIL: DB に cid=pnme285 がないのでスキップ
--- Processing CID: sima027 ---
FAIL: DB に cid=sima027 がないのでスキップ
--- Processing CID: skho200 ---
FAIL: DB に cid=skho200 がないのでスキップ
--- Processing CID: skoi003 ---
FAIL: DB に cid=skoi003 がないのでスキップ
--- Processing CID: smgn001 ---
FAIL: DB に cid=smgn001 がないのでスキップ
--- Processing CID: smjk133 ---
FAIL: DB に cid=smjk133 がないのでスキップ
--- Processing CID: smjp065 ---
FAIL: DB に cid=smjp065 がないのでスキップ
--- Processing CID: smjs208 ---
FAIL: DB に cid=smjs208 がないのでスキップ
--- Processing CID: smjs216 ---
FAIL: DB に cid=smjs216 がないのでスキップ
--- Processing CID: smjx101 ---
FAIL: DB に cid=smjx101 がないのでスキップ
--- Processing CID: smjx132 ---
FAIL: DB に cid=smjx132 がないのでスキップ
--- Processing CID: smub073 ---
FAIL: DB に cid=smub073 がないのでスキップ
--- Processing CID: smuv011 ---
FAIL: DB に cid=smuv011 がないのでスキップ
--- Processing CID: snp0002 ---
FAIL: DB に cid=snp0002 がないのでスキップ
--- Processing CID: syuk014 ---
FAIL: DB に cid=syuk014 がないのでスキップ
--- Processing CID: tkk075 ---
FAIL: DB に cid=tkk075 がないのでスキップ
--- Processing CID: urutora214 ---
FAIL: DB に cid=urutora214 がないのでスキップ
--- Processing CID: yss124 ---
FAIL: DB に cid=yss124 がないのでスキップ
--- Processing CID: bouz007 ---
FAIL: DB に cid=bouz007 がないのでスキップ
--- Processing CID: dam063 ---
FAIL: DB に cid=dam063 がないのでスキップ
--- Processing CID: docs113 ---
FAIL: DB に cid=docs113 がないのでスキップ
--- Processing CID: ends257 ---
FAIL: DB に cid=ends257 がないのでスキップ
--- Processing CID: habj084 ---
FAIL: DB に cid=habj084 がないのでスキップ
--- Processing CID: hint0696 ---
FAIL: DB に cid=hint0696 がないのでスキップ
--- Processing CID: hmdnc880 ---
FAIL: DB に cid=hmdnc880 がないのでスキップ
--- Processing CID: instc661 ---
FAIL: DB に cid=instc661 がないのでスキップ
--- Processing CID: lady538 ---
FAIL: DB に cid=lady538 がないのでスキップ
--- Processing CID: mfc350 ---
FAIL: DB に cid=mfc350 がないのでスキップ
--- Processing CID: mfcs187 ---
FAIL: DB に cid=mfcs187 がないのでスキップ
--- Processing CID: mgsod023 ---
FAIL: DB に cid=mgsod023 がないのでスキップ
--- Processing CID: mrs0035 ---
FAIL: DB に cid=mrs0035 がないのでスキップ
--- Processing CID: msodn020 ---
FAIL: DB に cid=msodn020 がないのでスキップ
--- Processing CID: orecz345 ---
FAIL: DB に cid=orecz345 がないのでスキップ
--- Processing CID: orecz346 ---
FAIL: DB に cid=orecz346 がないのでスキップ
--- Processing CID: pai171 ---
FAIL: DB に cid=pai171 がないのでスキップ
--- Processing CID: pnme285 ---
FAIL: DB に cid=pnme285 がないのでスキップ
--- Processing CID: sima027 ---
FAIL: DB に cid=sima027 がないのでスキップ
--- Processing CID: skho200 ---
FAIL: DB に cid=skho200 がないのでスキップ
--- Processing CID: skoi003 ---
FAIL: DB に cid=skoi003 がないのでスキップ
--- Processing CID: smgn001 ---
FAIL: DB に cid=smgn001 がないのでスキップ
--- Processing CID: smjk133 ---
FAIL: DB に cid=smjk133 がないのでスキップ
--- Processing CID: smjp065 ---
FAIL: DB に cid=smjp065 がないのでスキップ
--- Processing CID: smjs208 ---
FAIL: DB に cid=smjs208 がないのでスキップ
--- Processing CID: smjs216 ---
FAIL: DB に cid=smjs216 がないのでスキップ
--- Processing CID: smjx101 ---
FAIL: DB に cid=smjx101 がないのでスキップ
--- Processing CID: smjx132 ---
FAIL: DB に cid=smjx132 がないのでスキップ
--- Processing CID: smub073 ---
FAIL: DB に cid=smub073 がないのでスキップ
--- Processing CID: smuv011 ---
FAIL: DB に cid=smuv011 がないのでスキップ
--- Processing CID: snp0002 ---
FAIL: DB に cid=snp0002 がないのでスキップ
--- Processing CID: syuk014 ---
FAIL: DB に cid=syuk014 がないのでスキップ
--- Processing CID: tkk075 ---
FAIL: DB に cid=tkk075 がないのでスキップ
--- Processing CID: urutora214 ---
FAIL: DB に cid=urutora214 がないのでスキップ
--- Processing CID: yss124 ---
FAIL: DB に cid=yss124 がないのでスキップ
--- Processing CID: bouz007 ---
FAIL: DB に cid=bouz007 がないのでスキップ
--- Processing CID: dam063 ---
FAIL: DB に cid=dam063 がないのでスキップ
--- Processing CID: docs113 ---
FAIL: DB に cid=docs113 がないのでスキップ
--- Processing CID: ends257 ---
FAIL: DB に cid=ends257 がないのでスキップ
--- Processing CID: habj084 ---
FAIL: DB に cid=habj084 がないのでスキップ
--- Processing CID: hint0696 ---
FAIL: DB に cid=hint0696 がないのでスキップ
--- Processing CID: hmdnc877 ---
FAIL: DB に cid=hmdnc877 がないのでスキップ
--- Processing CID: hmdnc880 ---
FAIL: DB に cid=hmdnc880 がないのでスキップ
--- Processing CID: instc661 ---
FAIL: DB に cid=instc661 がないのでスキップ
--- Processing CID: lady538 ---
FAIL: DB に cid=lady538 がないのでスキップ
--- Processing CID: mfc350 ---
FAIL: DB に cid=mfc350 がないのでスキップ
--- Processing CID: mfcs187 ---
FAIL: DB に cid=mfcs187 がないのでスキップ
--- Processing CID: mgsod023 ---
FAIL: DB に cid=mgsod023 がないのでスキップ
--- Processing CID: mrs0035 ---
FAIL: DB に cid=mrs0035 がないのでスキップ
--- Processing CID: msodn020 ---
FAIL: DB に cid=msodn020 がないのでスキップ
--- Processing CID: orecz345 ---
FAIL: DB に cid=orecz345 がないのでスキップ
--- Processing CID: orecz346 ---
FAIL: DB に cid=orecz346 がないのでスキップ
--- Processing CID: pai171 ---
FAIL: DB に cid=pai171 がないのでスキップ
--- Processing CID: pnme285 ---
FAIL: DB に cid=pnme285 がないのでスキップ
--- Processing CID: sima027 ---
FAIL: DB に cid=sima027 がないのでスキップ
--- Processing CID: skho200 ---
FAIL: DB に cid=skho200 がないのでスキップ
--- Processing CID: skoi003 ---
FAIL: DB に cid=skoi003 がないのでスキップ
--- Processing CID: smgn001 ---
FAIL: DB に cid=smgn001 がないのでスキップ
--- Processing CID: smjk133 ---
FAIL: DB に cid=smjk133 がないのでスキップ
--- Processing CID: smjp065 ---
FAIL: DB に cid=smjp065 がないのでスキップ
--- Processing CID: smjs208 ---
FAIL: DB に cid=smjs208 がないのでスキップ
--- Processing CID: smjs216 ---
FAIL: DB に cid=smjs216 がないのでスキップ
--- Processing CID: smjx101 ---
FAIL: DB に cid=smjx101 がないのでスキップ
--- Processing CID: smjx132 ---
FAIL: DB に cid=smjx132 がないのでスキップ
--- Processing CID: smub073 ---
FAIL: DB に cid=smub073 がないのでスキップ
--- Processing CID: smuv011 ---
FAIL: DB に cid=smuv011 がないのでスキップ
--- Processing CID: snp0002 ---
FAIL: DB に cid=snp0002 がないのでスキップ
--- Processing CID: syuk014 ---
FAIL: DB に cid=syuk014 がないのでスキップ
--- Processing CID: tkk075 ---
FAIL: DB に cid=tkk075 がないのでスキップ
--- Processing CID: urutora214 ---
FAIL: DB に cid=urutora214 がないのでスキップ
--- Processing CID: yss124 ---
FAIL: DB に cid=yss124 がないのでスキップ
